{"C:\\Users\\rikal\\Desktop\\FilesSOFTENG_Project\\Git_Project\\EzWh\\code\\server\\database\\InternalOrderDB.js": {"path":"C:\\Users\\rikal\\Desktop\\FilesSOFTENG_Project\\Git_Project\\EzWh\\code\\server\\database\\InternalOrderDB.js","statementMap":{"0":{"start":{"line":3,"column":16},"end":{"line":3,"column":34}},"1":{"start":{"line":4,"column":23},"end":{"line":4,"column":58}},"2":{"start":{"line":5,"column":23},"end":{"line":5,"column":58}},"3":{"start":{"line":6,"column":16},"end":{"line":6,"column":44}},"4":{"start":{"line":7,"column":11},"end":{"line":9,"column":2}},"5":{"start":{"line":8,"column":4},"end":{"line":8,"column":23}},"6":{"start":{"line":8,"column":13},"end":{"line":8,"column":23}},"7":{"start":{"line":11,"column":0},"end":{"line":19,"column":1}},"8":{"start":{"line":12,"column":4},"end":{"line":18,"column":7}},"9":{"start":{"line":13,"column":20},"end":{"line":13,"column":91}},"10":{"start":{"line":14,"column":8},"end":{"line":17,"column":11}},"11":{"start":{"line":15,"column":12},"end":{"line":16,"column":38}},"12":{"start":{"line":15,"column":21},"end":{"line":15,"column":33}},"13":{"start":{"line":16,"column":17},"end":{"line":16,"column":38}},"14":{"start":{"line":21,"column":0},"end":{"line":33,"column":1}},"15":{"start":{"line":22,"column":16},"end":{"line":22,"column":51}},"16":{"start":{"line":23,"column":4},"end":{"line":32,"column":21}},"17":{"start":{"line":24,"column":8},"end":{"line":30,"column":11}},"18":{"start":{"line":25,"column":24},"end":{"line":25,"column":69}},"19":{"start":{"line":26,"column":12},"end":{"line":29,"column":15}},"20":{"start":{"line":27,"column":16},"end":{"line":28,"column":35}},"21":{"start":{"line":27,"column":25},"end":{"line":27,"column":37}},"22":{"start":{"line":28,"column":21},"end":{"line":28,"column":35}},"23":{"start":{"line":32,"column":8},"end":{"line":32,"column":21}},"24":{"start":{"line":35,"column":0},"end":{"line":51,"column":1}},"25":{"start":{"line":36,"column":16},"end":{"line":36,"column":51}},"26":{"start":{"line":37,"column":4},"end":{"line":50,"column":21}},"27":{"start":{"line":38,"column":8},"end":{"line":38,"column":51}},"28":{"start":{"line":39,"column":8},"end":{"line":39,"column":47}},"29":{"start":{"line":40,"column":8},"end":{"line":47,"column":11}},"30":{"start":{"line":41,"column":24},"end":{"line":41,"column":62}},"31":{"start":{"line":42,"column":12},"end":{"line":45,"column":15}},"32":{"start":{"line":43,"column":16},"end":{"line":44,"column":35}},"33":{"start":{"line":43,"column":25},"end":{"line":43,"column":37}},"34":{"start":{"line":44,"column":21},"end":{"line":44,"column":35}},"35":{"start":{"line":50,"column":8},"end":{"line":50,"column":21}},"36":{"start":{"line":53,"column":0},"end":{"line":64,"column":2}},"37":{"start":{"line":54,"column":4},"end":{"line":63,"column":6}},"38":{"start":{"line":55,"column":20},"end":{"line":55,"column":47}},"39":{"start":{"line":56,"column":8},"end":{"line":62,"column":10}},"40":{"start":{"line":57,"column":12},"end":{"line":60,"column":13}},"41":{"start":{"line":58,"column":16},"end":{"line":58,"column":28}},"42":{"start":{"line":59,"column":16},"end":{"line":59,"column":23}},"43":{"start":{"line":61,"column":12},"end":{"line":61,"column":26}},"44":{"start":{"line":66,"column":0},"end":{"line":79,"column":1}},"45":{"start":{"line":67,"column":4},"end":{"line":78,"column":7}},"46":{"start":{"line":68,"column":20},"end":{"line":68,"column":50}},"47":{"start":{"line":69,"column":8},"end":{"line":77,"column":11}},"48":{"start":{"line":70,"column":12},"end":{"line":76,"column":13}},"49":{"start":{"line":70,"column":21},"end":{"line":70,"column":33}},"50":{"start":{"line":72,"column":31},"end":{"line":74,"column":18}},"51":{"start":{"line":73,"column":20},"end":{"line":73,"column":96}},"52":{"start":{"line":75,"column":16},"end":{"line":75,"column":32}},"53":{"start":{"line":81,"column":0},"end":{"line":95,"column":1}},"54":{"start":{"line":82,"column":4},"end":{"line":94,"column":7}},"55":{"start":{"line":83,"column":20},"end":{"line":83,"column":60}},"56":{"start":{"line":84,"column":8},"end":{"line":93,"column":11}},"57":{"start":{"line":85,"column":12},"end":{"line":92,"column":13}},"58":{"start":{"line":85,"column":21},"end":{"line":85,"column":33}},"59":{"start":{"line":87,"column":16},"end":{"line":91,"column":17}},"60":{"start":{"line":88,"column":20},"end":{"line":88,"column":33}},"61":{"start":{"line":90,"column":20},"end":{"line":90,"column":98}},"62":{"start":{"line":97,"column":0},"end":{"line":110,"column":2}},"63":{"start":{"line":98,"column":4},"end":{"line":109,"column":7}},"64":{"start":{"line":99,"column":20},"end":{"line":99,"column":245}},"65":{"start":{"line":100,"column":8},"end":{"line":108,"column":11}},"66":{"start":{"line":101,"column":12},"end":{"line":107,"column":13}},"67":{"start":{"line":101,"column":21},"end":{"line":101,"column":33}},"68":{"start":{"line":103,"column":16},"end":{"line":106,"column":97}},"69":{"start":{"line":104,"column":20},"end":{"line":104,"column":33}},"70":{"start":{"line":106,"column":20},"end":{"line":106,"column":97}},"71":{"start":{"line":112,"column":0},"end":{"line":126,"column":1}},"72":{"start":{"line":113,"column":4},"end":{"line":125,"column":7}},"73":{"start":{"line":114,"column":20},"end":{"line":114,"column":95}},"74":{"start":{"line":115,"column":8},"end":{"line":124,"column":11}},"75":{"start":{"line":116,"column":12},"end":{"line":123,"column":13}},"76":{"start":{"line":116,"column":21},"end":{"line":116,"column":33}},"77":{"start":{"line":118,"column":33},"end":{"line":121,"column":18}},"78":{"start":{"line":119,"column":28},"end":{"line":119,"column":87}},"79":{"start":{"line":120,"column":20},"end":{"line":120,"column":29}},"80":{"start":{"line":122,"column":16},"end":{"line":122,"column":34}},"81":{"start":{"line":128,"column":0},"end":{"line":144,"column":1}},"82":{"start":{"line":129,"column":4},"end":{"line":143,"column":7}},"83":{"start":{"line":130,"column":20},"end":{"line":130,"column":102}},"84":{"start":{"line":131,"column":8},"end":{"line":142,"column":11}},"85":{"start":{"line":132,"column":12},"end":{"line":141,"column":13}},"86":{"start":{"line":132,"column":21},"end":{"line":132,"column":33}},"87":{"start":{"line":135,"column":31},"end":{"line":138,"column":18}},"88":{"start":{"line":136,"column":28},"end":{"line":136,"column":95}},"89":{"start":{"line":137,"column":20},"end":{"line":137,"column":29}},"90":{"start":{"line":139,"column":16},"end":{"line":139,"column":34}},"91":{"start":{"line":146,"column":0},"end":{"line":161,"column":1}},"92":{"start":{"line":147,"column":16},"end":{"line":147,"column":51}},"93":{"start":{"line":148,"column":4},"end":{"line":160,"column":21}},"94":{"start":{"line":150,"column":8},"end":{"line":157,"column":11}},"95":{"start":{"line":151,"column":24},"end":{"line":151,"column":82}},"96":{"start":{"line":152,"column":12},"end":{"line":155,"column":15}},"97":{"start":{"line":153,"column":16},"end":{"line":154,"column":35}},"98":{"start":{"line":153,"column":25},"end":{"line":153,"column":37}},"99":{"start":{"line":154,"column":21},"end":{"line":154,"column":35}},"100":{"start":{"line":160,"column":8},"end":{"line":160,"column":21}},"101":{"start":{"line":163,"column":0},"end":{"line":172,"column":1}},"102":{"start":{"line":165,"column":4},"end":{"line":171,"column":7}},"103":{"start":{"line":166,"column":20},"end":{"line":166,"column":113}},"104":{"start":{"line":167,"column":8},"end":{"line":170,"column":11}},"105":{"start":{"line":168,"column":12},"end":{"line":169,"column":31}},"106":{"start":{"line":168,"column":21},"end":{"line":168,"column":33}},"107":{"start":{"line":169,"column":17},"end":{"line":169,"column":31}},"108":{"start":{"line":174,"column":0},"end":{"line":184,"column":1}},"109":{"start":{"line":175,"column":4},"end":{"line":183,"column":7}},"110":{"start":{"line":176,"column":20},"end":{"line":176,"column":105}},"111":{"start":{"line":177,"column":8},"end":{"line":182,"column":11}},"112":{"start":{"line":178,"column":12},"end":{"line":181,"column":13}},"113":{"start":{"line":178,"column":21},"end":{"line":178,"column":33}},"114":{"start":{"line":180,"column":16},"end":{"line":180,"column":30}},"115":{"start":{"line":186,"column":0},"end":{"line":197,"column":2}},"116":{"start":{"line":187,"column":4},"end":{"line":196,"column":6}},"117":{"start":{"line":188,"column":20},"end":{"line":188,"column":47}},"118":{"start":{"line":189,"column":8},"end":{"line":195,"column":10}},"119":{"start":{"line":190,"column":12},"end":{"line":193,"column":13}},"120":{"start":{"line":191,"column":16},"end":{"line":191,"column":28}},"121":{"start":{"line":192,"column":16},"end":{"line":192,"column":23}},"122":{"start":{"line":194,"column":12},"end":{"line":194,"column":26}},"123":{"start":{"line":199,"column":0},"end":{"line":210,"column":2}},"124":{"start":{"line":200,"column":4},"end":{"line":209,"column":6}},"125":{"start":{"line":201,"column":20},"end":{"line":201,"column":51}},"126":{"start":{"line":202,"column":8},"end":{"line":208,"column":10}},"127":{"start":{"line":203,"column":12},"end":{"line":206,"column":13}},"128":{"start":{"line":204,"column":16},"end":{"line":204,"column":28}},"129":{"start":{"line":205,"column":16},"end":{"line":205,"column":23}},"130":{"start":{"line":207,"column":12},"end":{"line":207,"column":26}},"131":{"start":{"line":212,"column":0},"end":{"line":223,"column":2}},"132":{"start":{"line":213,"column":4},"end":{"line":222,"column":6}},"133":{"start":{"line":214,"column":20},"end":{"line":214,"column":68}},"134":{"start":{"line":215,"column":8},"end":{"line":221,"column":10}},"135":{"start":{"line":216,"column":12},"end":{"line":219,"column":13}},"136":{"start":{"line":217,"column":16},"end":{"line":217,"column":28}},"137":{"start":{"line":218,"column":16},"end":{"line":218,"column":23}},"138":{"start":{"line":220,"column":12},"end":{"line":220,"column":26}},"139":{"start":{"line":225,"column":0},"end":{"line":236,"column":2}},"140":{"start":{"line":226,"column":4},"end":{"line":235,"column":6}},"141":{"start":{"line":227,"column":20},"end":{"line":227,"column":72}},"142":{"start":{"line":228,"column":8},"end":{"line":234,"column":10}},"143":{"start":{"line":229,"column":12},"end":{"line":232,"column":13}},"144":{"start":{"line":230,"column":16},"end":{"line":230,"column":28}},"145":{"start":{"line":231,"column":16},"end":{"line":231,"column":23}},"146":{"start":{"line":233,"column":12},"end":{"line":233,"column":26}},"147":{"start":{"line":239,"column":0},"end":{"line":250,"column":2}},"148":{"start":{"line":240,"column":4},"end":{"line":249,"column":6}},"149":{"start":{"line":241,"column":20},"end":{"line":241,"column":90}},"150":{"start":{"line":242,"column":8},"end":{"line":248,"column":10}},"151":{"start":{"line":243,"column":12},"end":{"line":247,"column":13}},"152":{"start":{"line":243,"column":21},"end":{"line":243,"column":33}},"153":{"start":{"line":244,"column":17},"end":{"line":247,"column":13}},"154":{"start":{"line":244,"column":40},"end":{"line":244,"column":53}},"155":{"start":{"line":246,"column":16},"end":{"line":246,"column":35}},"156":{"start":{"line":252,"column":0},"end":{"line":263,"column":2}},"157":{"start":{"line":253,"column":4},"end":{"line":262,"column":6}},"158":{"start":{"line":254,"column":20},"end":{"line":254,"column":95}},"159":{"start":{"line":255,"column":8},"end":{"line":261,"column":10}},"160":{"start":{"line":256,"column":12},"end":{"line":260,"column":13}},"161":{"start":{"line":256,"column":21},"end":{"line":256,"column":33}},"162":{"start":{"line":257,"column":17},"end":{"line":260,"column":13}},"163":{"start":{"line":257,"column":40},"end":{"line":257,"column":53}},"164":{"start":{"line":259,"column":16},"end":{"line":259,"column":41}}},"fnMap":{"0":{"name":"(anonymous_0)","decl":{"start":{"line":7,"column":60},"end":{"line":7,"column":61}},"loc":{"start":{"line":7,"column":69},"end":{"line":9,"column":1}},"line":7},"1":{"name":"(anonymous_1)","decl":{"start":{"line":11,"column":30},"end":{"line":11,"column":31}},"loc":{"start":{"line":11,"column":49},"end":{"line":19,"column":1}},"line":11},"2":{"name":"(anonymous_2)","decl":{"start":{"line":12,"column":23},"end":{"line":12,"column":24}},"loc":{"start":{"line":12,"column":44},"end":{"line":18,"column":5}},"line":12},"3":{"name":"(anonymous_3)","decl":{"start":{"line":14,"column":94},"end":{"line":14,"column":95}},"loc":{"start":{"line":14,"column":109},"end":{"line":17,"column":9}},"line":14},"4":{"name":"(anonymous_4)","decl":{"start":{"line":21,"column":35},"end":{"line":21,"column":36}},"loc":{"start":{"line":21,"column":56},"end":{"line":33,"column":1}},"line":21},"5":{"name":"(anonymous_5)","decl":{"start":{"line":24,"column":27},"end":{"line":24,"column":28}},"loc":{"start":{"line":24,"column":48},"end":{"line":30,"column":9}},"line":24},"6":{"name":"(anonymous_6)","decl":{"start":{"line":26,"column":37},"end":{"line":26,"column":38}},"loc":{"start":{"line":26,"column":52},"end":{"line":29,"column":13}},"line":26},"7":{"name":"(anonymous_7)","decl":{"start":{"line":35,"column":34},"end":{"line":35,"column":35}},"loc":{"start":{"line":35,"column":48},"end":{"line":51,"column":1}},"line":35},"8":{"name":"(anonymous_8)","decl":{"start":{"line":40,"column":27},"end":{"line":40,"column":28}},"loc":{"start":{"line":40,"column":48},"end":{"line":47,"column":9}},"line":40},"9":{"name":"(anonymous_9)","decl":{"start":{"line":42,"column":30},"end":{"line":42,"column":31}},"loc":{"start":{"line":42,"column":45},"end":{"line":45,"column":13}},"line":42},"10":{"name":"(anonymous_10)","decl":{"start":{"line":53,"column":34},"end":{"line":53,"column":35}},"loc":{"start":{"line":53,"column":40},"end":{"line":64,"column":1}},"line":53},"11":{"name":"(anonymous_11)","decl":{"start":{"line":54,"column":23},"end":{"line":54,"column":24}},"loc":{"start":{"line":54,"column":44},"end":{"line":63,"column":5}},"line":54},"12":{"name":"(anonymous_12)","decl":{"start":{"line":56,"column":24},"end":{"line":56,"column":25}},"loc":{"start":{"line":56,"column":39},"end":{"line":62,"column":9}},"line":56},"13":{"name":"(anonymous_13)","decl":{"start":{"line":66,"column":31},"end":{"line":66,"column":32}},"loc":{"start":{"line":66,"column":37},"end":{"line":79,"column":1}},"line":66},"14":{"name":"(anonymous_14)","decl":{"start":{"line":67,"column":23},"end":{"line":67,"column":24}},"loc":{"start":{"line":67,"column":44},"end":{"line":78,"column":5}},"line":67},"15":{"name":"(anonymous_15)","decl":{"start":{"line":69,"column":24},"end":{"line":69,"column":25}},"loc":{"start":{"line":69,"column":39},"end":{"line":77,"column":9}},"line":69},"16":{"name":"(anonymous_16)","decl":{"start":{"line":72,"column":40},"end":{"line":72,"column":41}},"loc":{"start":{"line":72,"column":47},"end":{"line":74,"column":17}},"line":72},"17":{"name":"(anonymous_17)","decl":{"start":{"line":81,"column":31},"end":{"line":81,"column":32}},"loc":{"start":{"line":81,"column":39},"end":{"line":95,"column":1}},"line":81},"18":{"name":"(anonymous_18)","decl":{"start":{"line":82,"column":23},"end":{"line":82,"column":24}},"loc":{"start":{"line":82,"column":44},"end":{"line":94,"column":5}},"line":82},"19":{"name":"(anonymous_19)","decl":{"start":{"line":84,"column":26},"end":{"line":84,"column":27}},"loc":{"start":{"line":84,"column":40},"end":{"line":93,"column":9}},"line":84},"20":{"name":"(anonymous_20)","decl":{"start":{"line":97,"column":52},"end":{"line":97,"column":53}},"loc":{"start":{"line":97,"column":86},"end":{"line":110,"column":1}},"line":97},"21":{"name":"(anonymous_21)","decl":{"start":{"line":98,"column":23},"end":{"line":98,"column":24}},"loc":{"start":{"line":98,"column":44},"end":{"line":109,"column":5}},"line":98},"22":{"name":"(anonymous_22)","decl":{"start":{"line":100,"column":52},"end":{"line":100,"column":53}},"loc":{"start":{"line":100,"column":66},"end":{"line":108,"column":9}},"line":100},"23":{"name":"(anonymous_23)","decl":{"start":{"line":112,"column":43},"end":{"line":112,"column":44}},"loc":{"start":{"line":112,"column":51},"end":{"line":126,"column":1}},"line":112},"24":{"name":"(anonymous_24)","decl":{"start":{"line":113,"column":23},"end":{"line":113,"column":24}},"loc":{"start":{"line":113,"column":44},"end":{"line":125,"column":5}},"line":113},"25":{"name":"(anonymous_25)","decl":{"start":{"line":115,"column":26},"end":{"line":115,"column":27}},"loc":{"start":{"line":115,"column":41},"end":{"line":124,"column":9}},"line":115},"26":{"name":"(anonymous_26)","decl":{"start":{"line":118,"column":42},"end":{"line":118,"column":43}},"loc":{"start":{"line":118,"column":49},"end":{"line":121,"column":17}},"line":118},"27":{"name":"(anonymous_27)","decl":{"start":{"line":128,"column":46},"end":{"line":128,"column":47}},"loc":{"start":{"line":128,"column":54},"end":{"line":144,"column":1}},"line":128},"28":{"name":"(anonymous_28)","decl":{"start":{"line":129,"column":23},"end":{"line":129,"column":24}},"loc":{"start":{"line":129,"column":44},"end":{"line":143,"column":5}},"line":129},"29":{"name":"(anonymous_29)","decl":{"start":{"line":131,"column":26},"end":{"line":131,"column":27}},"loc":{"start":{"line":131,"column":41},"end":{"line":142,"column":9}},"line":131},"30":{"name":"(anonymous_30)","decl":{"start":{"line":135,"column":40},"end":{"line":135,"column":41}},"loc":{"start":{"line":135,"column":47},"end":{"line":138,"column":17}},"line":135},"31":{"name":"(anonymous_31)","decl":{"start":{"line":146,"column":34},"end":{"line":146,"column":35}},"loc":{"start":{"line":146,"column":55},"end":{"line":161,"column":1}},"line":146},"32":{"name":"(anonymous_32)","decl":{"start":{"line":150,"column":27},"end":{"line":150,"column":28}},"loc":{"start":{"line":150,"column":48},"end":{"line":157,"column":9}},"line":150},"33":{"name":"(anonymous_33)","decl":{"start":{"line":152,"column":37},"end":{"line":152,"column":38}},"loc":{"start":{"line":152,"column":52},"end":{"line":155,"column":13}},"line":152},"34":{"name":"(anonymous_34)","decl":{"start":{"line":163,"column":34},"end":{"line":163,"column":35}},"loc":{"start":{"line":163,"column":48},"end":{"line":172,"column":1}},"line":163},"35":{"name":"(anonymous_35)","decl":{"start":{"line":165,"column":23},"end":{"line":165,"column":24}},"loc":{"start":{"line":165,"column":44},"end":{"line":171,"column":5}},"line":165},"36":{"name":"(anonymous_36)","decl":{"start":{"line":167,"column":79},"end":{"line":167,"column":80}},"loc":{"start":{"line":167,"column":94},"end":{"line":170,"column":9}},"line":167},"37":{"name":"(anonymous_37)","decl":{"start":{"line":174,"column":39},"end":{"line":174,"column":40}},"loc":{"start":{"line":174,"column":53},"end":{"line":184,"column":1}},"line":174},"38":{"name":"(anonymous_38)","decl":{"start":{"line":175,"column":23},"end":{"line":175,"column":24}},"loc":{"start":{"line":175,"column":44},"end":{"line":183,"column":5}},"line":175},"39":{"name":"(anonymous_39)","decl":{"start":{"line":177,"column":78},"end":{"line":177,"column":79}},"loc":{"start":{"line":177,"column":93},"end":{"line":182,"column":9}},"line":177},"40":{"name":"(anonymous_40)","decl":{"start":{"line":186,"column":34},"end":{"line":186,"column":35}},"loc":{"start":{"line":186,"column":40},"end":{"line":197,"column":1}},"line":186},"41":{"name":"(anonymous_41)","decl":{"start":{"line":187,"column":23},"end":{"line":187,"column":24}},"loc":{"start":{"line":187,"column":44},"end":{"line":196,"column":5}},"line":187},"42":{"name":"(anonymous_42)","decl":{"start":{"line":189,"column":24},"end":{"line":189,"column":25}},"loc":{"start":{"line":189,"column":39},"end":{"line":195,"column":9}},"line":189},"43":{"name":"(anonymous_43)","decl":{"start":{"line":199,"column":38},"end":{"line":199,"column":39}},"loc":{"start":{"line":199,"column":44},"end":{"line":210,"column":1}},"line":199},"44":{"name":"(anonymous_44)","decl":{"start":{"line":200,"column":23},"end":{"line":200,"column":24}},"loc":{"start":{"line":200,"column":44},"end":{"line":209,"column":5}},"line":200},"45":{"name":"(anonymous_45)","decl":{"start":{"line":202,"column":24},"end":{"line":202,"column":25}},"loc":{"start":{"line":202,"column":39},"end":{"line":208,"column":9}},"line":202},"46":{"name":"(anonymous_46)","decl":{"start":{"line":212,"column":34},"end":{"line":212,"column":35}},"loc":{"start":{"line":212,"column":55},"end":{"line":223,"column":1}},"line":212},"47":{"name":"(anonymous_47)","decl":{"start":{"line":213,"column":23},"end":{"line":213,"column":24}},"loc":{"start":{"line":213,"column":44},"end":{"line":222,"column":5}},"line":213},"48":{"name":"(anonymous_48)","decl":{"start":{"line":215,"column":39},"end":{"line":215,"column":40}},"loc":{"start":{"line":215,"column":54},"end":{"line":221,"column":9}},"line":215},"49":{"name":"(anonymous_49)","decl":{"start":{"line":225,"column":38},"end":{"line":225,"column":39}},"loc":{"start":{"line":225,"column":59},"end":{"line":236,"column":1}},"line":225},"50":{"name":"(anonymous_50)","decl":{"start":{"line":226,"column":23},"end":{"line":226,"column":24}},"loc":{"start":{"line":226,"column":44},"end":{"line":235,"column":5}},"line":226},"51":{"name":"(anonymous_51)","decl":{"start":{"line":228,"column":39},"end":{"line":228,"column":40}},"loc":{"start":{"line":228,"column":54},"end":{"line":234,"column":9}},"line":228},"52":{"name":"(anonymous_52)","decl":{"start":{"line":239,"column":19},"end":{"line":239,"column":20}},"loc":{"start":{"line":239,"column":34},"end":{"line":250,"column":1}},"line":239},"53":{"name":"(anonymous_53)","decl":{"start":{"line":240,"column":23},"end":{"line":240,"column":24}},"loc":{"start":{"line":240,"column":44},"end":{"line":249,"column":5}},"line":240},"54":{"name":"(anonymous_54)","decl":{"start":{"line":242,"column":33},"end":{"line":242,"column":34}},"loc":{"start":{"line":242,"column":53},"end":{"line":248,"column":9}},"line":242},"55":{"name":"(anonymous_55)","decl":{"start":{"line":252,"column":25},"end":{"line":252,"column":26}},"loc":{"start":{"line":252,"column":40},"end":{"line":263,"column":1}},"line":252},"56":{"name":"(anonymous_56)","decl":{"start":{"line":253,"column":23},"end":{"line":253,"column":24}},"loc":{"start":{"line":253,"column":44},"end":{"line":262,"column":5}},"line":253},"57":{"name":"(anonymous_57)","decl":{"start":{"line":255,"column":33},"end":{"line":255,"column":34}},"loc":{"start":{"line":255,"column":53},"end":{"line":261,"column":9}},"line":255}},"branchMap":{"0":{"loc":{"start":{"line":8,"column":4},"end":{"line":8,"column":23}},"type":"if","locations":[{"start":{"line":8,"column":4},"end":{"line":8,"column":23}},{"start":{},"end":{}}],"line":8},"1":{"loc":{"start":{"line":15,"column":12},"end":{"line":16,"column":38}},"type":"if","locations":[{"start":{"line":15,"column":12},"end":{"line":16,"column":38}},{"start":{"line":16,"column":17},"end":{"line":16,"column":38}}],"line":15},"2":{"loc":{"start":{"line":23,"column":4},"end":{"line":32,"column":21}},"type":"if","locations":[{"start":{"line":23,"column":4},"end":{"line":32,"column":21}},{"start":{"line":32,"column":8},"end":{"line":32,"column":21}}],"line":23},"3":{"loc":{"start":{"line":27,"column":16},"end":{"line":28,"column":35}},"type":"if","locations":[{"start":{"line":27,"column":16},"end":{"line":28,"column":35}},{"start":{"line":28,"column":21},"end":{"line":28,"column":35}}],"line":27},"4":{"loc":{"start":{"line":37,"column":4},"end":{"line":50,"column":21}},"type":"if","locations":[{"start":{"line":37,"column":4},"end":{"line":50,"column":21}},{"start":{"line":50,"column":8},"end":{"line":50,"column":21}}],"line":37},"5":{"loc":{"start":{"line":43,"column":16},"end":{"line":44,"column":35}},"type":"if","locations":[{"start":{"line":43,"column":16},"end":{"line":44,"column":35}},{"start":{"line":44,"column":21},"end":{"line":44,"column":35}}],"line":43},"6":{"loc":{"start":{"line":57,"column":12},"end":{"line":60,"column":13}},"type":"if","locations":[{"start":{"line":57,"column":12},"end":{"line":60,"column":13}},{"start":{},"end":{}}],"line":57},"7":{"loc":{"start":{"line":70,"column":12},"end":{"line":76,"column":13}},"type":"if","locations":[{"start":{"line":70,"column":12},"end":{"line":76,"column":13}},{"start":{"line":71,"column":17},"end":{"line":76,"column":13}}],"line":70},"8":{"loc":{"start":{"line":85,"column":12},"end":{"line":92,"column":13}},"type":"if","locations":[{"start":{"line":85,"column":12},"end":{"line":92,"column":13}},{"start":{"line":86,"column":17},"end":{"line":92,"column":13}}],"line":85},"9":{"loc":{"start":{"line":87,"column":16},"end":{"line":91,"column":17}},"type":"if","locations":[{"start":{"line":87,"column":16},"end":{"line":91,"column":17}},{"start":{"line":89,"column":23},"end":{"line":91,"column":17}}],"line":87},"10":{"loc":{"start":{"line":101,"column":12},"end":{"line":107,"column":13}},"type":"if","locations":[{"start":{"line":101,"column":12},"end":{"line":107,"column":13}},{"start":{"line":102,"column":17},"end":{"line":107,"column":13}}],"line":101},"11":{"loc":{"start":{"line":103,"column":16},"end":{"line":106,"column":97}},"type":"if","locations":[{"start":{"line":103,"column":16},"end":{"line":106,"column":97}},{"start":{"line":106,"column":20},"end":{"line":106,"column":97}}],"line":103},"12":{"loc":{"start":{"line":116,"column":12},"end":{"line":123,"column":13}},"type":"if","locations":[{"start":{"line":116,"column":12},"end":{"line":123,"column":13}},{"start":{"line":117,"column":17},"end":{"line":123,"column":13}}],"line":116},"13":{"loc":{"start":{"line":132,"column":12},"end":{"line":141,"column":13}},"type":"if","locations":[{"start":{"line":132,"column":12},"end":{"line":141,"column":13}},{"start":{"line":133,"column":17},"end":{"line":141,"column":13}}],"line":132},"14":{"loc":{"start":{"line":148,"column":4},"end":{"line":160,"column":21}},"type":"if","locations":[{"start":{"line":148,"column":4},"end":{"line":160,"column":21}},{"start":{"line":160,"column":8},"end":{"line":160,"column":21}}],"line":148},"15":{"loc":{"start":{"line":153,"column":16},"end":{"line":154,"column":35}},"type":"if","locations":[{"start":{"line":153,"column":16},"end":{"line":154,"column":35}},{"start":{"line":154,"column":21},"end":{"line":154,"column":35}}],"line":153},"16":{"loc":{"start":{"line":168,"column":12},"end":{"line":169,"column":31}},"type":"if","locations":[{"start":{"line":168,"column":12},"end":{"line":169,"column":31}},{"start":{"line":169,"column":17},"end":{"line":169,"column":31}}],"line":168},"17":{"loc":{"start":{"line":178,"column":12},"end":{"line":181,"column":13}},"type":"if","locations":[{"start":{"line":178,"column":12},"end":{"line":181,"column":13}},{"start":{"line":179,"column":17},"end":{"line":181,"column":13}}],"line":178},"18":{"loc":{"start":{"line":190,"column":12},"end":{"line":193,"column":13}},"type":"if","locations":[{"start":{"line":190,"column":12},"end":{"line":193,"column":13}},{"start":{},"end":{}}],"line":190},"19":{"loc":{"start":{"line":203,"column":12},"end":{"line":206,"column":13}},"type":"if","locations":[{"start":{"line":203,"column":12},"end":{"line":206,"column":13}},{"start":{},"end":{}}],"line":203},"20":{"loc":{"start":{"line":216,"column":12},"end":{"line":219,"column":13}},"type":"if","locations":[{"start":{"line":216,"column":12},"end":{"line":219,"column":13}},{"start":{},"end":{}}],"line":216},"21":{"loc":{"start":{"line":229,"column":12},"end":{"line":232,"column":13}},"type":"if","locations":[{"start":{"line":229,"column":12},"end":{"line":232,"column":13}},{"start":{},"end":{}}],"line":229},"22":{"loc":{"start":{"line":243,"column":12},"end":{"line":247,"column":13}},"type":"if","locations":[{"start":{"line":243,"column":12},"end":{"line":247,"column":13}},{"start":{"line":244,"column":17},"end":{"line":247,"column":13}}],"line":243},"23":{"loc":{"start":{"line":244,"column":17},"end":{"line":247,"column":13}},"type":"if","locations":[{"start":{"line":244,"column":17},"end":{"line":247,"column":13}},{"start":{"line":245,"column":17},"end":{"line":247,"column":13}}],"line":244},"24":{"loc":{"start":{"line":256,"column":12},"end":{"line":260,"column":13}},"type":"if","locations":[{"start":{"line":256,"column":12},"end":{"line":260,"column":13}},{"start":{"line":257,"column":17},"end":{"line":260,"column":13}}],"line":256},"25":{"loc":{"start":{"line":257,"column":17},"end":{"line":260,"column":13}},"type":"if","locations":[{"start":{"line":257,"column":17},"end":{"line":260,"column":13}},{"start":{"line":258,"column":17},"end":{"line":260,"column":13}}],"line":257}},"s":{"0":2,"1":2,"2":2,"3":2,"4":2,"5":2,"6":0,"7":2,"8":8,"9":8,"10":8,"11":8,"12":2,"13":6,"14":2,"15":5,"16":5,"17":3,"18":3,"19":3,"20":3,"21":1,"22":2,"23":2,"24":2,"25":4,"26":4,"27":2,"28":2,"29":2,"30":2,"31":2,"32":2,"33":0,"34":2,"35":2,"36":2,"37":4,"38":4,"39":4,"40":4,"41":0,"42":0,"43":4,"44":2,"45":2,"46":2,"47":2,"48":2,"49":0,"50":2,"51":6,"52":2,"53":2,"54":18,"55":18,"56":18,"57":18,"58":0,"59":18,"60":9,"61":9,"62":2,"63":2,"64":2,"65":2,"66":2,"67":0,"68":2,"69":2,"70":0,"71":2,"72":4,"73":4,"74":4,"75":4,"76":0,"77":4,"78":2,"79":2,"80":4,"81":2,"82":4,"83":4,"84":4,"85":4,"86":0,"87":4,"88":2,"89":2,"90":4,"91":2,"92":5,"93":5,"94":2,"95":2,"96":2,"97":2,"98":0,"99":2,"100":3,"101":2,"102":8,"103":8,"104":8,"105":8,"106":2,"107":6,"108":2,"109":8,"110":8,"111":8,"112":8,"113":2,"114":6,"115":2,"116":4,"117":4,"118":4,"119":4,"120":0,"121":0,"122":4,"123":2,"124":4,"125":4,"126":4,"127":4,"128":0,"129":0,"130":4,"131":2,"132":2,"133":2,"134":2,"135":2,"136":0,"137":0,"138":2,"139":2,"140":2,"141":2,"142":2,"143":2,"144":0,"145":0,"146":2,"147":2,"148":0,"149":0,"150":0,"151":0,"152":0,"153":0,"154":0,"155":0,"156":2,"157":0,"158":0,"159":0,"160":0,"161":0,"162":0,"163":0,"164":0},"f":{"0":2,"1":8,"2":8,"3":8,"4":5,"5":3,"6":3,"7":4,"8":2,"9":2,"10":4,"11":4,"12":4,"13":2,"14":2,"15":2,"16":6,"17":18,"18":18,"19":18,"20":2,"21":2,"22":2,"23":4,"24":4,"25":4,"26":2,"27":4,"28":4,"29":4,"30":2,"31":5,"32":2,"33":2,"34":8,"35":8,"36":8,"37":8,"38":8,"39":8,"40":4,"41":4,"42":4,"43":4,"44":4,"45":4,"46":2,"47":2,"48":2,"49":2,"50":2,"51":2,"52":0,"53":0,"54":0,"55":0,"56":0,"57":0},"b":{"0":[0,2],"1":[2,6],"2":[3,2],"3":[1,2],"4":[2,2],"5":[0,2],"6":[0,4],"7":[0,2],"8":[0,18],"9":[9,9],"10":[0,2],"11":[2,0],"12":[0,4],"13":[0,4],"14":[2,3],"15":[0,2],"16":[2,6],"17":[2,6],"18":[0,4],"19":[0,4],"20":[0,2],"21":[0,2],"22":[0,0],"23":[0,0],"24":[0,0],"25":[0,0]},"_coverageSchema":"1a1c01bbd47fc00a2c39e90264f33305004495a9","hash":"bbdba4b8df2eac8f2a4558f3947f1f3f58b7cac6"}
,"C:\\Users\\rikal\\Desktop\\FilesSOFTENG_Project\\Git_Project\\EzWh\\code\\server\\database\\ItemDB.js": {"path":"C:\\Users\\rikal\\Desktop\\FilesSOFTENG_Project\\Git_Project\\EzWh\\code\\server\\database\\ItemDB.js","statementMap":{"0":{"start":{"line":3,"column":16},"end":{"line":3,"column":34}},"1":{"start":{"line":4,"column":13},"end":{"line":4,"column":38}},"2":{"start":{"line":5,"column":11},"end":{"line":7,"column":2}},"3":{"start":{"line":6,"column":4},"end":{"line":6,"column":23}},"4":{"start":{"line":6,"column":13},"end":{"line":6,"column":23}},"5":{"start":{"line":11,"column":0},"end":{"line":22,"column":2}},"6":{"start":{"line":12,"column":4},"end":{"line":21,"column":6}},"7":{"start":{"line":13,"column":20},"end":{"line":13,"column":38}},"8":{"start":{"line":14,"column":8},"end":{"line":20,"column":10}},"9":{"start":{"line":15,"column":12},"end":{"line":18,"column":13}},"10":{"start":{"line":16,"column":16},"end":{"line":16,"column":28}},"11":{"start":{"line":17,"column":16},"end":{"line":17,"column":23}},"12":{"start":{"line":19,"column":12},"end":{"line":19,"column":26}},"13":{"start":{"line":24,"column":0},"end":{"line":37,"column":1}},"14":{"start":{"line":25,"column":4},"end":{"line":36,"column":6}},"15":{"start":{"line":26,"column":20},"end":{"line":26,"column":41}},"16":{"start":{"line":27,"column":8},"end":{"line":34,"column":11}},"17":{"start":{"line":28,"column":12},"end":{"line":32,"column":13}},"18":{"start":{"line":28,"column":21},"end":{"line":28,"column":33}},"19":{"start":{"line":30,"column":30},"end":{"line":30,"column":118}},"20":{"start":{"line":30,"column":46},"end":{"line":30,"column":117}},"21":{"start":{"line":31,"column":16},"end":{"line":31,"column":31}},"22":{"start":{"line":39,"column":0},"end":{"line":50,"column":1}},"23":{"start":{"line":40,"column":4},"end":{"line":49,"column":6}},"24":{"start":{"line":41,"column":20},"end":{"line":41,"column":52}},"25":{"start":{"line":42,"column":8},"end":{"line":48,"column":11}},"26":{"start":{"line":43,"column":12},"end":{"line":47,"column":13}},"27":{"start":{"line":43,"column":21},"end":{"line":43,"column":33}},"28":{"start":{"line":45,"column":16},"end":{"line":46,"column":101}},"29":{"start":{"line":45,"column":39},"end":{"line":45,"column":51}},"30":{"start":{"line":46,"column":21},"end":{"line":46,"column":101}},"31":{"start":{"line":52,"column":0},"end":{"line":60,"column":1}},"32":{"start":{"line":53,"column":4},"end":{"line":59,"column":7}},"33":{"start":{"line":54,"column":20},"end":{"line":54,"column":95}},"34":{"start":{"line":55,"column":8},"end":{"line":58,"column":11}},"35":{"start":{"line":56,"column":12},"end":{"line":57,"column":31}},"36":{"start":{"line":56,"column":21},"end":{"line":56,"column":33}},"37":{"start":{"line":57,"column":17},"end":{"line":57,"column":31}},"38":{"start":{"line":62,"column":0},"end":{"line":75,"column":1}},"39":{"start":{"line":63,"column":16},"end":{"line":63,"column":42}},"40":{"start":{"line":64,"column":4},"end":{"line":74,"column":5}},"41":{"start":{"line":65,"column":8},"end":{"line":71,"column":11}},"42":{"start":{"line":66,"column":24},"end":{"line":66,"column":74}},"43":{"start":{"line":67,"column":12},"end":{"line":70,"column":15}},"44":{"start":{"line":68,"column":16},"end":{"line":69,"column":35}},"45":{"start":{"line":68,"column":25},"end":{"line":68,"column":37}},"46":{"start":{"line":69,"column":21},"end":{"line":69,"column":35}},"47":{"start":{"line":73,"column":8},"end":{"line":73,"column":21}},"48":{"start":{"line":77,"column":0},"end":{"line":91,"column":1}},"49":{"start":{"line":78,"column":16},"end":{"line":78,"column":42}},"50":{"start":{"line":79,"column":4},"end":{"line":90,"column":5}},"51":{"start":{"line":80,"column":8},"end":{"line":87,"column":11}},"52":{"start":{"line":81,"column":24},"end":{"line":81,"column":53}},"53":{"start":{"line":82,"column":12},"end":{"line":85,"column":15}},"54":{"start":{"line":83,"column":16},"end":{"line":84,"column":35}},"55":{"start":{"line":83,"column":25},"end":{"line":83,"column":37}},"56":{"start":{"line":84,"column":21},"end":{"line":84,"column":35}},"57":{"start":{"line":89,"column":8},"end":{"line":89,"column":21}},"58":{"start":{"line":94,"column":0},"end":{"line":105,"column":2}},"59":{"start":{"line":95,"column":4},"end":{"line":104,"column":6}},"60":{"start":{"line":96,"column":20},"end":{"line":96,"column":73}},"61":{"start":{"line":97,"column":8},"end":{"line":103,"column":11}},"62":{"start":{"line":98,"column":12},"end":{"line":102,"column":13}},"63":{"start":{"line":98,"column":21},"end":{"line":98,"column":33}},"64":{"start":{"line":100,"column":16},"end":{"line":101,"column":34}},"65":{"start":{"line":100,"column":39},"end":{"line":100,"column":54}},"66":{"start":{"line":101,"column":21},"end":{"line":101,"column":34}},"67":{"start":{"line":107,"column":0},"end":{"line":118,"column":1}},"68":{"start":{"line":108,"column":4},"end":{"line":117,"column":6}},"69":{"start":{"line":109,"column":20},"end":{"line":109,"column":70}},"70":{"start":{"line":110,"column":8},"end":{"line":116,"column":11}},"71":{"start":{"line":111,"column":12},"end":{"line":115,"column":13}},"72":{"start":{"line":111,"column":21},"end":{"line":111,"column":33}},"73":{"start":{"line":113,"column":16},"end":{"line":114,"column":34}},"74":{"start":{"line":113,"column":39},"end":{"line":113,"column":54}},"75":{"start":{"line":114,"column":21},"end":{"line":114,"column":34}}},"fnMap":{"0":{"name":"(anonymous_0)","decl":{"start":{"line":5,"column":60},"end":{"line":5,"column":61}},"loc":{"start":{"line":5,"column":69},"end":{"line":7,"column":1}},"line":5},"1":{"name":"(anonymous_1)","decl":{"start":{"line":11,"column":25},"end":{"line":11,"column":26}},"loc":{"start":{"line":11,"column":31},"end":{"line":22,"column":1}},"line":11},"2":{"name":"(anonymous_2)","decl":{"start":{"line":12,"column":23},"end":{"line":12,"column":24}},"loc":{"start":{"line":12,"column":44},"end":{"line":21,"column":5}},"line":12},"3":{"name":"(anonymous_3)","decl":{"start":{"line":14,"column":24},"end":{"line":14,"column":25}},"loc":{"start":{"line":14,"column":39},"end":{"line":20,"column":9}},"line":14},"4":{"name":"(anonymous_4)","decl":{"start":{"line":24,"column":22},"end":{"line":24,"column":23}},"loc":{"start":{"line":24,"column":28},"end":{"line":37,"column":1}},"line":24},"5":{"name":"(anonymous_5)","decl":{"start":{"line":25,"column":23},"end":{"line":25,"column":24}},"loc":{"start":{"line":25,"column":44},"end":{"line":36,"column":5}},"line":25},"6":{"name":"(anonymous_6)","decl":{"start":{"line":27,"column":24},"end":{"line":27,"column":25}},"loc":{"start":{"line":27,"column":39},"end":{"line":34,"column":9}},"line":27},"7":{"name":"(anonymous_7)","decl":{"start":{"line":30,"column":39},"end":{"line":30,"column":40}},"loc":{"start":{"line":30,"column":46},"end":{"line":30,"column":117}},"line":30},"8":{"name":"(anonymous_8)","decl":{"start":{"line":39,"column":22},"end":{"line":39,"column":23}},"loc":{"start":{"line":39,"column":30},"end":{"line":50,"column":1}},"line":39},"9":{"name":"(anonymous_9)","decl":{"start":{"line":40,"column":23},"end":{"line":40,"column":24}},"loc":{"start":{"line":40,"column":44},"end":{"line":49,"column":5}},"line":40},"10":{"name":"(anonymous_10)","decl":{"start":{"line":42,"column":26},"end":{"line":42,"column":27}},"loc":{"start":{"line":42,"column":40},"end":{"line":48,"column":9}},"line":42},"11":{"name":"(anonymous_11)","decl":{"start":{"line":52,"column":21},"end":{"line":52,"column":22}},"loc":{"start":{"line":52,"column":31},"end":{"line":60,"column":1}},"line":52},"12":{"name":"(anonymous_12)","decl":{"start":{"line":53,"column":23},"end":{"line":53,"column":24}},"loc":{"start":{"line":53,"column":44},"end":{"line":59,"column":5}},"line":53},"13":{"name":"(anonymous_13)","decl":{"start":{"line":55,"column":90},"end":{"line":55,"column":91}},"loc":{"start":{"line":55,"column":105},"end":{"line":58,"column":9}},"line":55},"14":{"name":"(anonymous_14)","decl":{"start":{"line":62,"column":21},"end":{"line":62,"column":22}},"loc":{"start":{"line":62,"column":41},"end":{"line":75,"column":1}},"line":62},"15":{"name":"(anonymous_15)","decl":{"start":{"line":65,"column":27},"end":{"line":65,"column":28}},"loc":{"start":{"line":65,"column":48},"end":{"line":71,"column":9}},"line":65},"16":{"name":"(anonymous_16)","decl":{"start":{"line":67,"column":60},"end":{"line":67,"column":61}},"loc":{"start":{"line":67,"column":75},"end":{"line":70,"column":13}},"line":67},"17":{"name":"(anonymous_17)","decl":{"start":{"line":77,"column":25},"end":{"line":77,"column":26}},"loc":{"start":{"line":77,"column":39},"end":{"line":91,"column":1}},"line":77},"18":{"name":"(anonymous_18)","decl":{"start":{"line":80,"column":27},"end":{"line":80,"column":28}},"loc":{"start":{"line":80,"column":48},"end":{"line":87,"column":9}},"line":80},"19":{"name":"(anonymous_19)","decl":{"start":{"line":82,"column":30},"end":{"line":82,"column":31}},"loc":{"start":{"line":82,"column":45},"end":{"line":85,"column":13}},"line":82},"20":{"name":"(anonymous_20)","decl":{"start":{"line":94,"column":32},"end":{"line":94,"column":33}},"loc":{"start":{"line":94,"column":51},"end":{"line":105,"column":1}},"line":94},"21":{"name":"(anonymous_21)","decl":{"start":{"line":95,"column":23},"end":{"line":95,"column":24}},"loc":{"start":{"line":95,"column":44},"end":{"line":104,"column":5}},"line":95},"22":{"name":"(anonymous_22)","decl":{"start":{"line":97,"column":37},"end":{"line":97,"column":38}},"loc":{"start":{"line":97,"column":51},"end":{"line":103,"column":9}},"line":97},"23":{"name":"(anonymous_23)","decl":{"start":{"line":107,"column":33},"end":{"line":107,"column":34}},"loc":{"start":{"line":107,"column":53},"end":{"line":118,"column":1}},"line":107},"24":{"name":"(anonymous_24)","decl":{"start":{"line":108,"column":23},"end":{"line":108,"column":24}},"loc":{"start":{"line":108,"column":44},"end":{"line":117,"column":5}},"line":108},"25":{"name":"(anonymous_25)","decl":{"start":{"line":110,"column":38},"end":{"line":110,"column":39}},"loc":{"start":{"line":110,"column":52},"end":{"line":116,"column":9}},"line":110}},"branchMap":{"0":{"loc":{"start":{"line":6,"column":4},"end":{"line":6,"column":23}},"type":"if","locations":[{"start":{"line":6,"column":4},"end":{"line":6,"column":23}},{"start":{},"end":{}}],"line":6},"1":{"loc":{"start":{"line":15,"column":12},"end":{"line":18,"column":13}},"type":"if","locations":[{"start":{"line":15,"column":12},"end":{"line":18,"column":13}},{"start":{},"end":{}}],"line":15},"2":{"loc":{"start":{"line":28,"column":12},"end":{"line":32,"column":13}},"type":"if","locations":[{"start":{"line":28,"column":12},"end":{"line":32,"column":13}},{"start":{"line":29,"column":17},"end":{"line":32,"column":13}}],"line":28},"3":{"loc":{"start":{"line":43,"column":12},"end":{"line":47,"column":13}},"type":"if","locations":[{"start":{"line":43,"column":12},"end":{"line":47,"column":13}},{"start":{"line":44,"column":17},"end":{"line":47,"column":13}}],"line":43},"4":{"loc":{"start":{"line":45,"column":16},"end":{"line":46,"column":101}},"type":"if","locations":[{"start":{"line":45,"column":16},"end":{"line":46,"column":101}},{"start":{"line":46,"column":21},"end":{"line":46,"column":101}}],"line":45},"5":{"loc":{"start":{"line":56,"column":12},"end":{"line":57,"column":31}},"type":"if","locations":[{"start":{"line":56,"column":12},"end":{"line":57,"column":31}},{"start":{"line":57,"column":17},"end":{"line":57,"column":31}}],"line":56},"6":{"loc":{"start":{"line":64,"column":4},"end":{"line":74,"column":5}},"type":"if","locations":[{"start":{"line":64,"column":4},"end":{"line":74,"column":5}},{"start":{"line":72,"column":11},"end":{"line":74,"column":5}}],"line":64},"7":{"loc":{"start":{"line":68,"column":16},"end":{"line":69,"column":35}},"type":"if","locations":[{"start":{"line":68,"column":16},"end":{"line":69,"column":35}},{"start":{"line":69,"column":21},"end":{"line":69,"column":35}}],"line":68},"8":{"loc":{"start":{"line":79,"column":4},"end":{"line":90,"column":5}},"type":"if","locations":[{"start":{"line":79,"column":4},"end":{"line":90,"column":5}},{"start":{"line":88,"column":11},"end":{"line":90,"column":5}}],"line":79},"9":{"loc":{"start":{"line":83,"column":16},"end":{"line":84,"column":35}},"type":"if","locations":[{"start":{"line":83,"column":16},"end":{"line":84,"column":35}},{"start":{"line":84,"column":21},"end":{"line":84,"column":35}}],"line":83},"10":{"loc":{"start":{"line":98,"column":12},"end":{"line":102,"column":13}},"type":"if","locations":[{"start":{"line":98,"column":12},"end":{"line":102,"column":13}},{"start":{"line":99,"column":17},"end":{"line":102,"column":13}}],"line":98},"11":{"loc":{"start":{"line":100,"column":16},"end":{"line":101,"column":34}},"type":"if","locations":[{"start":{"line":100,"column":16},"end":{"line":101,"column":34}},{"start":{"line":101,"column":21},"end":{"line":101,"column":34}}],"line":100},"12":{"loc":{"start":{"line":111,"column":12},"end":{"line":115,"column":13}},"type":"if","locations":[{"start":{"line":111,"column":12},"end":{"line":115,"column":13}},{"start":{"line":112,"column":17},"end":{"line":115,"column":13}}],"line":111},"13":{"loc":{"start":{"line":113,"column":16},"end":{"line":114,"column":34}},"type":"if","locations":[{"start":{"line":113,"column":16},"end":{"line":114,"column":34}},{"start":{"line":114,"column":21},"end":{"line":114,"column":34}}],"line":113}},"s":{"0":2,"1":2,"2":2,"3":2,"4":0,"5":2,"6":4,"7":4,"8":4,"9":4,"10":0,"11":0,"12":4,"13":2,"14":4,"15":4,"16":4,"17":4,"18":0,"19":4,"20":6,"21":4,"22":2,"23":24,"24":24,"25":24,"26":24,"27":0,"28":24,"29":6,"30":18,"31":2,"32":8,"33":8,"34":8,"35":8,"36":2,"37":6,"38":2,"39":8,"40":8,"41":6,"42":6,"43":6,"44":6,"45":0,"46":6,"47":2,"48":2,"49":8,"50":8,"51":6,"52":6,"53":6,"54":6,"55":0,"56":6,"57":2,"58":2,"59":4,"60":4,"61":4,"62":4,"63":0,"64":4,"65":2,"66":2,"67":2,"68":4,"69":4,"70":4,"71":4,"72":0,"73":4,"74":2,"75":2},"f":{"0":2,"1":4,"2":4,"3":4,"4":4,"5":4,"6":4,"7":6,"8":24,"9":24,"10":24,"11":8,"12":8,"13":8,"14":8,"15":6,"16":6,"17":8,"18":6,"19":6,"20":4,"21":4,"22":4,"23":4,"24":4,"25":4},"b":{"0":[0,2],"1":[0,4],"2":[0,4],"3":[0,24],"4":[6,18],"5":[2,6],"6":[6,2],"7":[0,6],"8":[6,2],"9":[0,6],"10":[0,4],"11":[2,2],"12":[0,4],"13":[2,2]},"_coverageSchema":"1a1c01bbd47fc00a2c39e90264f33305004495a9","hash":"ec12764d5f9e6eefbad09c878471b5933bbce744"}
,"C:\\Users\\rikal\\Desktop\\FilesSOFTENG_Project\\Git_Project\\EzWh\\code\\server\\database\\PositionDB.js": {"path":"C:\\Users\\rikal\\Desktop\\FilesSOFTENG_Project\\Git_Project\\EzWh\\code\\server\\database\\PositionDB.js","statementMap":{"0":{"start":{"line":3,"column":16},"end":{"line":3,"column":34}},"1":{"start":{"line":4,"column":17},"end":{"line":4,"column":46}},"2":{"start":{"line":5,"column":11},"end":{"line":7,"column":2}},"3":{"start":{"line":6,"column":4},"end":{"line":6,"column":23}},"4":{"start":{"line":6,"column":13},"end":{"line":6,"column":23}},"5":{"start":{"line":10,"column":0},"end":{"line":24,"column":1}},"6":{"start":{"line":11,"column":16},"end":{"line":11,"column":54}},"7":{"start":{"line":12,"column":4},"end":{"line":23,"column":5}},"8":{"start":{"line":13,"column":8},"end":{"line":19,"column":11}},"9":{"start":{"line":14,"column":24},"end":{"line":14,"column":164}},"10":{"start":{"line":15,"column":12},"end":{"line":18,"column":15}},"11":{"start":{"line":16,"column":16},"end":{"line":17,"column":35}},"12":{"start":{"line":16,"column":25},"end":{"line":16,"column":37}},"13":{"start":{"line":17,"column":21},"end":{"line":17,"column":35}},"14":{"start":{"line":22,"column":8},"end":{"line":22,"column":21}},"15":{"start":{"line":26,"column":0},"end":{"line":41,"column":1}},"16":{"start":{"line":27,"column":16},"end":{"line":27,"column":46}},"17":{"start":{"line":28,"column":4},"end":{"line":40,"column":5}},"18":{"start":{"line":29,"column":8},"end":{"line":36,"column":11}},"19":{"start":{"line":30,"column":24},"end":{"line":30,"column":65}},"20":{"start":{"line":31,"column":12},"end":{"line":34,"column":15}},"21":{"start":{"line":32,"column":16},"end":{"line":33,"column":35}},"22":{"start":{"line":32,"column":25},"end":{"line":32,"column":37}},"23":{"start":{"line":33,"column":21},"end":{"line":33,"column":35}},"24":{"start":{"line":39,"column":8},"end":{"line":39,"column":21}},"25":{"start":{"line":43,"column":0},"end":{"line":58,"column":1}},"26":{"start":{"line":44,"column":4},"end":{"line":57,"column":7}},"27":{"start":{"line":45,"column":20},"end":{"line":45,"column":63}},"28":{"start":{"line":46,"column":8},"end":{"line":56,"column":11}},"29":{"start":{"line":47,"column":12},"end":{"line":55,"column":13}},"30":{"start":{"line":47,"column":21},"end":{"line":47,"column":33}},"31":{"start":{"line":49,"column":16},"end":{"line":54,"column":17}},"32":{"start":{"line":50,"column":20},"end":{"line":50,"column":33}},"33":{"start":{"line":52,"column":37},"end":{"line":52,"column":166}},"34":{"start":{"line":53,"column":20},"end":{"line":53,"column":38}},"35":{"start":{"line":60,"column":0},"end":{"line":71,"column":2}},"36":{"start":{"line":61,"column":4},"end":{"line":70,"column":6}},"37":{"start":{"line":62,"column":20},"end":{"line":62,"column":42}},"38":{"start":{"line":63,"column":8},"end":{"line":69,"column":10}},"39":{"start":{"line":64,"column":12},"end":{"line":67,"column":13}},"40":{"start":{"line":65,"column":16},"end":{"line":65,"column":28}},"41":{"start":{"line":66,"column":16},"end":{"line":66,"column":23}},"42":{"start":{"line":68,"column":12},"end":{"line":68,"column":26}},"43":{"start":{"line":73,"column":0},"end":{"line":84,"column":1}},"44":{"start":{"line":74,"column":4},"end":{"line":83,"column":7}},"45":{"start":{"line":75,"column":20},"end":{"line":75,"column":44}},"46":{"start":{"line":76,"column":8},"end":{"line":82,"column":11}},"47":{"start":{"line":77,"column":12},"end":{"line":81,"column":13}},"48":{"start":{"line":77,"column":21},"end":{"line":77,"column":33}},"49":{"start":{"line":79,"column":34},"end":{"line":79,"column":180}},"50":{"start":{"line":79,"column":50},"end":{"line":79,"column":179}},"51":{"start":{"line":80,"column":16},"end":{"line":80,"column":35}},"52":{"start":{"line":86,"column":0},"end":{"line":94,"column":1}},"53":{"start":{"line":87,"column":4},"end":{"line":93,"column":7}},"54":{"start":{"line":88,"column":20},"end":{"line":88,"column":159}},"55":{"start":{"line":89,"column":8},"end":{"line":92,"column":11}},"56":{"start":{"line":90,"column":12},"end":{"line":91,"column":31}},"57":{"start":{"line":90,"column":21},"end":{"line":90,"column":33}},"58":{"start":{"line":91,"column":17},"end":{"line":91,"column":31}},"59":{"start":{"line":96,"column":0},"end":{"line":110,"column":1}},"60":{"start":{"line":97,"column":16},"end":{"line":97,"column":57}},"61":{"start":{"line":98,"column":4},"end":{"line":109,"column":5}},"62":{"start":{"line":99,"column":8},"end":{"line":105,"column":11}},"63":{"start":{"line":100,"column":24},"end":{"line":100,"column":99}},"64":{"start":{"line":101,"column":12},"end":{"line":104,"column":15}},"65":{"start":{"line":102,"column":16},"end":{"line":103,"column":35}},"66":{"start":{"line":102,"column":25},"end":{"line":102,"column":37}},"67":{"start":{"line":103,"column":21},"end":{"line":103,"column":35}},"68":{"start":{"line":108,"column":8},"end":{"line":108,"column":21}}},"fnMap":{"0":{"name":"(anonymous_0)","decl":{"start":{"line":5,"column":60},"end":{"line":5,"column":61}},"loc":{"start":{"line":5,"column":69},"end":{"line":7,"column":1}},"line":5},"1":{"name":"(anonymous_1)","decl":{"start":{"line":10,"column":25},"end":{"line":10,"column":26}},"loc":{"start":{"line":10,"column":57},"end":{"line":24,"column":1}},"line":10},"2":{"name":"(anonymous_2)","decl":{"start":{"line":13,"column":27},"end":{"line":13,"column":28}},"loc":{"start":{"line":13,"column":48},"end":{"line":19,"column":9}},"line":13},"3":{"name":"(anonymous_3)","decl":{"start":{"line":15,"column":195},"end":{"line":15,"column":196}},"loc":{"start":{"line":15,"column":210},"end":{"line":18,"column":13}},"line":15},"4":{"name":"(anonymous_4)","decl":{"start":{"line":26,"column":29},"end":{"line":26,"column":30}},"loc":{"start":{"line":26,"column":43},"end":{"line":41,"column":1}},"line":26},"5":{"name":"(anonymous_5)","decl":{"start":{"line":29,"column":27},"end":{"line":29,"column":28}},"loc":{"start":{"line":29,"column":48},"end":{"line":36,"column":9}},"line":29},"6":{"name":"(anonymous_6)","decl":{"start":{"line":31,"column":30},"end":{"line":31,"column":31}},"loc":{"start":{"line":31,"column":45},"end":{"line":34,"column":13}},"line":31},"7":{"name":"(anonymous_7)","decl":{"start":{"line":43,"column":26},"end":{"line":43,"column":27}},"loc":{"start":{"line":43,"column":34},"end":{"line":58,"column":1}},"line":43},"8":{"name":"(anonymous_8)","decl":{"start":{"line":44,"column":23},"end":{"line":44,"column":24}},"loc":{"start":{"line":44,"column":44},"end":{"line":57,"column":5}},"line":44},"9":{"name":"(anonymous_9)","decl":{"start":{"line":46,"column":26},"end":{"line":46,"column":27}},"loc":{"start":{"line":46,"column":40},"end":{"line":56,"column":9}},"line":46},"10":{"name":"(anonymous_10)","decl":{"start":{"line":60,"column":29},"end":{"line":60,"column":30}},"loc":{"start":{"line":60,"column":35},"end":{"line":71,"column":1}},"line":60},"11":{"name":"(anonymous_11)","decl":{"start":{"line":61,"column":23},"end":{"line":61,"column":24}},"loc":{"start":{"line":61,"column":44},"end":{"line":70,"column":5}},"line":61},"12":{"name":"(anonymous_12)","decl":{"start":{"line":63,"column":24},"end":{"line":63,"column":25}},"loc":{"start":{"line":63,"column":39},"end":{"line":69,"column":9}},"line":63},"13":{"name":"(anonymous_13)","decl":{"start":{"line":73,"column":23},"end":{"line":73,"column":24}},"loc":{"start":{"line":73,"column":29},"end":{"line":84,"column":1}},"line":73},"14":{"name":"(anonymous_14)","decl":{"start":{"line":74,"column":23},"end":{"line":74,"column":24}},"loc":{"start":{"line":74,"column":44},"end":{"line":83,"column":5}},"line":74},"15":{"name":"(anonymous_15)","decl":{"start":{"line":76,"column":24},"end":{"line":76,"column":25}},"loc":{"start":{"line":76,"column":39},"end":{"line":82,"column":9}},"line":76},"16":{"name":"(anonymous_16)","decl":{"start":{"line":79,"column":43},"end":{"line":79,"column":44}},"loc":{"start":{"line":79,"column":50},"end":{"line":79,"column":179}},"line":79},"17":{"name":"(anonymous_17)","decl":{"start":{"line":86,"column":25},"end":{"line":86,"column":26}},"loc":{"start":{"line":86,"column":39},"end":{"line":94,"column":1}},"line":86},"18":{"name":"(anonymous_18)","decl":{"start":{"line":87,"column":23},"end":{"line":87,"column":24}},"loc":{"start":{"line":87,"column":44},"end":{"line":93,"column":5}},"line":87},"19":{"name":"(anonymous_19)","decl":{"start":{"line":89,"column":179},"end":{"line":89,"column":180}},"loc":{"start":{"line":89,"column":194},"end":{"line":92,"column":9}},"line":89},"20":{"name":"(anonymous_20)","decl":{"start":{"line":96,"column":39},"end":{"line":96,"column":40}},"loc":{"start":{"line":96,"column":102},"end":{"line":110,"column":1}},"line":96},"21":{"name":"(anonymous_21)","decl":{"start":{"line":99,"column":27},"end":{"line":99,"column":28}},"loc":{"start":{"line":99,"column":48},"end":{"line":105,"column":9}},"line":99},"22":{"name":"(anonymous_22)","decl":{"start":{"line":101,"column":79},"end":{"line":101,"column":80}},"loc":{"start":{"line":101,"column":94},"end":{"line":104,"column":13}},"line":101}},"branchMap":{"0":{"loc":{"start":{"line":6,"column":4},"end":{"line":6,"column":23}},"type":"if","locations":[{"start":{"line":6,"column":4},"end":{"line":6,"column":23}},{"start":{},"end":{}}],"line":6},"1":{"loc":{"start":{"line":12,"column":4},"end":{"line":23,"column":5}},"type":"if","locations":[{"start":{"line":12,"column":4},"end":{"line":23,"column":5}},{"start":{"line":21,"column":9},"end":{"line":23,"column":5}}],"line":12},"2":{"loc":{"start":{"line":16,"column":16},"end":{"line":17,"column":35}},"type":"if","locations":[{"start":{"line":16,"column":16},"end":{"line":17,"column":35}},{"start":{"line":17,"column":21},"end":{"line":17,"column":35}}],"line":16},"3":{"loc":{"start":{"line":28,"column":4},"end":{"line":40,"column":5}},"type":"if","locations":[{"start":{"line":28,"column":4},"end":{"line":40,"column":5}},{"start":{"line":38,"column":9},"end":{"line":40,"column":5}}],"line":28},"4":{"loc":{"start":{"line":32,"column":16},"end":{"line":33,"column":35}},"type":"if","locations":[{"start":{"line":32,"column":16},"end":{"line":33,"column":35}},{"start":{"line":33,"column":21},"end":{"line":33,"column":35}}],"line":32},"5":{"loc":{"start":{"line":47,"column":12},"end":{"line":55,"column":13}},"type":"if","locations":[{"start":{"line":47,"column":12},"end":{"line":55,"column":13}},{"start":{"line":48,"column":17},"end":{"line":55,"column":13}}],"line":47},"6":{"loc":{"start":{"line":49,"column":16},"end":{"line":54,"column":17}},"type":"if","locations":[{"start":{"line":49,"column":16},"end":{"line":54,"column":17}},{"start":{"line":51,"column":23},"end":{"line":54,"column":17}}],"line":49},"7":{"loc":{"start":{"line":64,"column":12},"end":{"line":67,"column":13}},"type":"if","locations":[{"start":{"line":64,"column":12},"end":{"line":67,"column":13}},{"start":{},"end":{}}],"line":64},"8":{"loc":{"start":{"line":77,"column":12},"end":{"line":81,"column":13}},"type":"if","locations":[{"start":{"line":77,"column":12},"end":{"line":81,"column":13}},{"start":{"line":78,"column":17},"end":{"line":81,"column":13}}],"line":77},"9":{"loc":{"start":{"line":90,"column":12},"end":{"line":91,"column":31}},"type":"if","locations":[{"start":{"line":90,"column":12},"end":{"line":91,"column":31}},{"start":{"line":91,"column":17},"end":{"line":91,"column":31}}],"line":90},"10":{"loc":{"start":{"line":98,"column":4},"end":{"line":109,"column":5}},"type":"if","locations":[{"start":{"line":98,"column":4},"end":{"line":109,"column":5}},{"start":{"line":107,"column":9},"end":{"line":109,"column":5}}],"line":98},"11":{"loc":{"start":{"line":102,"column":16},"end":{"line":103,"column":35}},"type":"if","locations":[{"start":{"line":102,"column":16},"end":{"line":103,"column":35}},{"start":{"line":103,"column":21},"end":{"line":103,"column":35}}],"line":102}},"s":{"0":2,"1":2,"2":2,"3":2,"4":0,"5":2,"6":9,"7":9,"8":5,"9":5,"10":5,"11":5,"12":1,"13":4,"14":4,"15":2,"16":8,"17":8,"18":6,"19":6,"20":6,"21":6,"22":0,"23":6,"24":2,"25":2,"26":22,"27":22,"28":22,"29":22,"30":0,"31":22,"32":9,"33":13,"34":13,"35":2,"36":4,"37":4,"38":4,"39":4,"40":0,"41":0,"42":4,"43":2,"44":4,"45":4,"46":4,"47":4,"48":0,"49":4,"50":6,"51":4,"52":2,"53":8,"54":8,"55":8,"56":8,"57":2,"58":6,"59":2,"60":5,"61":5,"62":2,"63":2,"64":2,"65":2,"66":0,"67":2,"68":3},"f":{"0":2,"1":9,"2":5,"3":5,"4":8,"5":6,"6":6,"7":22,"8":22,"9":22,"10":4,"11":4,"12":4,"13":4,"14":4,"15":4,"16":6,"17":8,"18":8,"19":8,"20":5,"21":2,"22":2},"b":{"0":[0,2],"1":[5,4],"2":[1,4],"3":[6,2],"4":[0,6],"5":[0,22],"6":[9,13],"7":[0,4],"8":[0,4],"9":[2,6],"10":[2,3],"11":[0,2]},"_coverageSchema":"1a1c01bbd47fc00a2c39e90264f33305004495a9","hash":"a2a9c751776e5c359c04e42259259018d6737366"}
,"C:\\Users\\rikal\\Desktop\\FilesSOFTENG_Project\\Git_Project\\EzWh\\code\\server\\database\\RestockOrderDB.js": {"path":"C:\\Users\\rikal\\Desktop\\FilesSOFTENG_Project\\Git_Project\\EzWh\\code\\server\\database\\RestockOrderDB.js","statementMap":{"0":{"start":{"line":3,"column":16},"end":{"line":3,"column":34}},"1":{"start":{"line":4,"column":22},"end":{"line":4,"column":56}},"2":{"start":{"line":5,"column":30},"end":{"line":5,"column":72}},"3":{"start":{"line":6,"column":16},"end":{"line":6,"column":44}},"4":{"start":{"line":7,"column":11},"end":{"line":9,"column":2}},"5":{"start":{"line":8,"column":4},"end":{"line":8,"column":23}},"6":{"start":{"line":8,"column":13},"end":{"line":8,"column":23}},"7":{"start":{"line":12,"column":0},"end":{"line":21,"column":1}},"8":{"start":{"line":13,"column":4},"end":{"line":19,"column":7}},"9":{"start":{"line":14,"column":20},"end":{"line":14,"column":107}},"10":{"start":{"line":15,"column":8},"end":{"line":18,"column":11}},"11":{"start":{"line":16,"column":12},"end":{"line":17,"column":38}},"12":{"start":{"line":16,"column":21},"end":{"line":16,"column":33}},"13":{"start":{"line":17,"column":17},"end":{"line":17,"column":38}},"14":{"start":{"line":23,"column":0},"end":{"line":37,"column":1}},"15":{"start":{"line":24,"column":16},"end":{"line":24,"column":50}},"16":{"start":{"line":25,"column":4},"end":{"line":35,"column":5}},"17":{"start":{"line":26,"column":8},"end":{"line":32,"column":11}},"18":{"start":{"line":27,"column":24},"end":{"line":27,"column":68}},"19":{"start":{"line":28,"column":12},"end":{"line":31,"column":15}},"20":{"start":{"line":29,"column":16},"end":{"line":30,"column":35}},"21":{"start":{"line":29,"column":25},"end":{"line":29,"column":37}},"22":{"start":{"line":30,"column":21},"end":{"line":30,"column":35}},"23":{"start":{"line":34,"column":8},"end":{"line":34,"column":21}},"24":{"start":{"line":39,"column":0},"end":{"line":52,"column":1}},"25":{"start":{"line":40,"column":16},"end":{"line":40,"column":50}},"26":{"start":{"line":41,"column":4},"end":{"line":51,"column":5}},"27":{"start":{"line":42,"column":8},"end":{"line":48,"column":11}},"28":{"start":{"line":43,"column":24},"end":{"line":43,"column":76}},"29":{"start":{"line":44,"column":12},"end":{"line":47,"column":15}},"30":{"start":{"line":45,"column":16},"end":{"line":46,"column":35}},"31":{"start":{"line":45,"column":25},"end":{"line":45,"column":37}},"32":{"start":{"line":46,"column":21},"end":{"line":46,"column":35}},"33":{"start":{"line":50,"column":8},"end":{"line":50,"column":21}},"34":{"start":{"line":54,"column":0},"end":{"line":71,"column":1}},"35":{"start":{"line":55,"column":4},"end":{"line":70,"column":7}},"36":{"start":{"line":56,"column":20},"end":{"line":56,"column":49}},"37":{"start":{"line":57,"column":8},"end":{"line":69,"column":11}},"38":{"start":{"line":58,"column":12},"end":{"line":68,"column":13}},"39":{"start":{"line":58,"column":21},"end":{"line":58,"column":33}},"40":{"start":{"line":60,"column":31},"end":{"line":66,"column":18}},"41":{"start":{"line":62,"column":20},"end":{"line":65,"column":119}},"42":{"start":{"line":63,"column":24},"end":{"line":63,"column":99}},"43":{"start":{"line":65,"column":25},"end":{"line":65,"column":119}},"44":{"start":{"line":67,"column":16},"end":{"line":67,"column":32}},"45":{"start":{"line":73,"column":0},"end":{"line":94,"column":1}},"46":{"start":{"line":74,"column":4},"end":{"line":93,"column":7}},"47":{"start":{"line":75,"column":20},"end":{"line":75,"column":59}},"48":{"start":{"line":76,"column":8},"end":{"line":92,"column":11}},"49":{"start":{"line":77,"column":12},"end":{"line":91,"column":13}},"50":{"start":{"line":77,"column":21},"end":{"line":77,"column":33}},"51":{"start":{"line":79,"column":16},"end":{"line":90,"column":17}},"52":{"start":{"line":80,"column":20},"end":{"line":80,"column":33}},"53":{"start":{"line":82,"column":20},"end":{"line":89,"column":21}},"54":{"start":{"line":83,"column":34},"end":{"line":83,"column":101}},"55":{"start":{"line":84,"column":24},"end":{"line":84,"column":34}},"56":{"start":{"line":87,"column":34},"end":{"line":87,"column":120}},"57":{"start":{"line":88,"column":24},"end":{"line":88,"column":35}},"58":{"start":{"line":96,"column":0},"end":{"line":112,"column":1}},"59":{"start":{"line":97,"column":4},"end":{"line":111,"column":7}},"60":{"start":{"line":98,"column":20},"end":{"line":98,"column":82}},"61":{"start":{"line":99,"column":8},"end":{"line":110,"column":11}},"62":{"start":{"line":100,"column":12},"end":{"line":109,"column":13}},"63":{"start":{"line":100,"column":21},"end":{"line":100,"column":33}},"64":{"start":{"line":103,"column":31},"end":{"line":106,"column":18}},"65":{"start":{"line":104,"column":28},"end":{"line":104,"column":74}},"66":{"start":{"line":105,"column":20},"end":{"line":105,"column":29}},"67":{"start":{"line":107,"column":16},"end":{"line":107,"column":34}},"68":{"start":{"line":114,"column":0},"end":{"line":128,"column":1}},"69":{"start":{"line":115,"column":4},"end":{"line":127,"column":7}},"70":{"start":{"line":116,"column":20},"end":{"line":116,"column":287}},"71":{"start":{"line":117,"column":8},"end":{"line":126,"column":11}},"72":{"start":{"line":118,"column":12},"end":{"line":125,"column":13}},"73":{"start":{"line":118,"column":21},"end":{"line":118,"column":33}},"74":{"start":{"line":120,"column":31},"end":{"line":123,"column":18}},"75":{"start":{"line":121,"column":28},"end":{"line":121,"column":74}},"76":{"start":{"line":122,"column":20},"end":{"line":122,"column":29}},"77":{"start":{"line":124,"column":16},"end":{"line":124,"column":34}},"78":{"start":{"line":130,"column":0},"end":{"line":143,"column":1}},"79":{"start":{"line":133,"column":4},"end":{"line":141,"column":7}},"80":{"start":{"line":134,"column":20},"end":{"line":134,"column":103}},"81":{"start":{"line":135,"column":8},"end":{"line":140,"column":11}},"82":{"start":{"line":136,"column":12},"end":{"line":139,"column":13}},"83":{"start":{"line":136,"column":21},"end":{"line":136,"column":33}},"84":{"start":{"line":138,"column":16},"end":{"line":138,"column":30}},"85":{"start":{"line":145,"column":0},"end":{"line":155,"column":1}},"86":{"start":{"line":146,"column":4},"end":{"line":154,"column":7}},"87":{"start":{"line":147,"column":20},"end":{"line":147,"column":86}},"88":{"start":{"line":148,"column":8},"end":{"line":153,"column":11}},"89":{"start":{"line":149,"column":12},"end":{"line":152,"column":13}},"90":{"start":{"line":149,"column":21},"end":{"line":149,"column":33}},"91":{"start":{"line":151,"column":16},"end":{"line":151,"column":30}},"92":{"start":{"line":157,"column":0},"end":{"line":173,"column":1}},"93":{"start":{"line":158,"column":16},"end":{"line":158,"column":50}},"94":{"start":{"line":159,"column":4},"end":{"line":172,"column":5}},"95":{"start":{"line":160,"column":8},"end":{"line":160,"column":55}},"96":{"start":{"line":161,"column":8},"end":{"line":161,"column":59}},"97":{"start":{"line":162,"column":8},"end":{"line":169,"column":11}},"98":{"start":{"line":163,"column":24},"end":{"line":163,"column":61}},"99":{"start":{"line":164,"column":12},"end":{"line":167,"column":15}},"100":{"start":{"line":165,"column":16},"end":{"line":166,"column":35}},"101":{"start":{"line":165,"column":25},"end":{"line":165,"column":37}},"102":{"start":{"line":166,"column":21},"end":{"line":166,"column":35}},"103":{"start":{"line":171,"column":8},"end":{"line":171,"column":21}},"104":{"start":{"line":175,"column":0},"end":{"line":186,"column":2}},"105":{"start":{"line":176,"column":4},"end":{"line":185,"column":6}},"106":{"start":{"line":177,"column":20},"end":{"line":177,"column":46}},"107":{"start":{"line":178,"column":8},"end":{"line":184,"column":10}},"108":{"start":{"line":179,"column":12},"end":{"line":182,"column":13}},"109":{"start":{"line":180,"column":16},"end":{"line":180,"column":28}},"110":{"start":{"line":181,"column":16},"end":{"line":181,"column":23}},"111":{"start":{"line":183,"column":12},"end":{"line":183,"column":26}},"112":{"start":{"line":188,"column":0},"end":{"line":199,"column":2}},"113":{"start":{"line":189,"column":4},"end":{"line":198,"column":6}},"114":{"start":{"line":190,"column":20},"end":{"line":190,"column":66}},"115":{"start":{"line":191,"column":8},"end":{"line":197,"column":10}},"116":{"start":{"line":192,"column":12},"end":{"line":195,"column":13}},"117":{"start":{"line":193,"column":16},"end":{"line":193,"column":28}},"118":{"start":{"line":194,"column":16},"end":{"line":194,"column":23}},"119":{"start":{"line":196,"column":12},"end":{"line":196,"column":26}},"120":{"start":{"line":201,"column":0},"end":{"line":212,"column":2}},"121":{"start":{"line":202,"column":4},"end":{"line":211,"column":6}},"122":{"start":{"line":203,"column":20},"end":{"line":203,"column":70}},"123":{"start":{"line":204,"column":8},"end":{"line":210,"column":10}},"124":{"start":{"line":205,"column":12},"end":{"line":208,"column":13}},"125":{"start":{"line":206,"column":16},"end":{"line":206,"column":28}},"126":{"start":{"line":207,"column":16},"end":{"line":207,"column":23}},"127":{"start":{"line":209,"column":12},"end":{"line":209,"column":26}},"128":{"start":{"line":214,"column":0},"end":{"line":228,"column":1}},"129":{"start":{"line":215,"column":4},"end":{"line":227,"column":7}},"130":{"start":{"line":216,"column":20},"end":{"line":216,"column":93}},"131":{"start":{"line":217,"column":8},"end":{"line":226,"column":11}},"132":{"start":{"line":218,"column":12},"end":{"line":225,"column":13}},"133":{"start":{"line":218,"column":21},"end":{"line":218,"column":33}},"134":{"start":{"line":220,"column":33},"end":{"line":223,"column":18}},"135":{"start":{"line":221,"column":28},"end":{"line":221,"column":87}},"136":{"start":{"line":222,"column":20},"end":{"line":222,"column":29}},"137":{"start":{"line":224,"column":16},"end":{"line":224,"column":34}},"138":{"start":{"line":230,"column":0},"end":{"line":241,"column":2}},"139":{"start":{"line":231,"column":4},"end":{"line":240,"column":6}},"140":{"start":{"line":232,"column":20},"end":{"line":232,"column":50}},"141":{"start":{"line":233,"column":8},"end":{"line":239,"column":10}},"142":{"start":{"line":234,"column":12},"end":{"line":237,"column":13}},"143":{"start":{"line":235,"column":16},"end":{"line":235,"column":28}},"144":{"start":{"line":236,"column":16},"end":{"line":236,"column":23}},"145":{"start":{"line":238,"column":12},"end":{"line":238,"column":26}},"146":{"start":{"line":243,"column":0},"end":{"line":254,"column":2}},"147":{"start":{"line":244,"column":4},"end":{"line":253,"column":6}},"148":{"start":{"line":245,"column":20},"end":{"line":245,"column":46}},"149":{"start":{"line":246,"column":8},"end":{"line":252,"column":10}},"150":{"start":{"line":247,"column":12},"end":{"line":250,"column":13}},"151":{"start":{"line":248,"column":16},"end":{"line":248,"column":28}},"152":{"start":{"line":249,"column":16},"end":{"line":249,"column":23}},"153":{"start":{"line":251,"column":12},"end":{"line":251,"column":26}}},"fnMap":{"0":{"name":"(anonymous_0)","decl":{"start":{"line":7,"column":60},"end":{"line":7,"column":61}},"loc":{"start":{"line":7,"column":69},"end":{"line":9,"column":1}},"line":7},"1":{"name":"(anonymous_1)","decl":{"start":{"line":12,"column":29},"end":{"line":12,"column":30}},"loc":{"start":{"line":12,"column":47},"end":{"line":21,"column":1}},"line":12},"2":{"name":"(anonymous_2)","decl":{"start":{"line":13,"column":23},"end":{"line":13,"column":24}},"loc":{"start":{"line":13,"column":44},"end":{"line":19,"column":5}},"line":13},"3":{"name":"(anonymous_3)","decl":{"start":{"line":15,"column":119},"end":{"line":15,"column":120}},"loc":{"start":{"line":15,"column":134},"end":{"line":18,"column":9}},"line":15},"4":{"name":"(anonymous_4)","decl":{"start":{"line":23,"column":34},"end":{"line":23,"column":35}},"loc":{"start":{"line":23,"column":55},"end":{"line":37,"column":1}},"line":23},"5":{"name":"(anonymous_5)","decl":{"start":{"line":26,"column":27},"end":{"line":26,"column":28}},"loc":{"start":{"line":26,"column":48},"end":{"line":32,"column":9}},"line":26},"6":{"name":"(anonymous_6)","decl":{"start":{"line":28,"column":43},"end":{"line":28,"column":44}},"loc":{"start":{"line":28,"column":58},"end":{"line":31,"column":13}},"line":28},"7":{"name":"(anonymous_7)","decl":{"start":{"line":39,"column":42},"end":{"line":39,"column":43}},"loc":{"start":{"line":39,"column":63},"end":{"line":52,"column":1}},"line":39},"8":{"name":"(anonymous_8)","decl":{"start":{"line":42,"column":27},"end":{"line":42,"column":28}},"loc":{"start":{"line":42,"column":48},"end":{"line":48,"column":9}},"line":42},"9":{"name":"(anonymous_9)","decl":{"start":{"line":44,"column":51},"end":{"line":44,"column":52}},"loc":{"start":{"line":44,"column":66},"end":{"line":47,"column":13}},"line":44},"10":{"name":"(anonymous_10)","decl":{"start":{"line":54,"column":30},"end":{"line":54,"column":31}},"loc":{"start":{"line":54,"column":36},"end":{"line":71,"column":1}},"line":54},"11":{"name":"(anonymous_11)","decl":{"start":{"line":55,"column":23},"end":{"line":55,"column":24}},"loc":{"start":{"line":55,"column":44},"end":{"line":70,"column":5}},"line":55},"12":{"name":"(anonymous_12)","decl":{"start":{"line":57,"column":24},"end":{"line":57,"column":25}},"loc":{"start":{"line":57,"column":39},"end":{"line":69,"column":9}},"line":57},"13":{"name":"(anonymous_13)","decl":{"start":{"line":60,"column":40},"end":{"line":60,"column":41}},"loc":{"start":{"line":60,"column":47},"end":{"line":66,"column":17}},"line":60},"14":{"name":"(anonymous_14)","decl":{"start":{"line":73,"column":30},"end":{"line":73,"column":31}},"loc":{"start":{"line":73,"column":38},"end":{"line":94,"column":1}},"line":73},"15":{"name":"(anonymous_15)","decl":{"start":{"line":74,"column":23},"end":{"line":74,"column":24}},"loc":{"start":{"line":74,"column":44},"end":{"line":93,"column":5}},"line":74},"16":{"name":"(anonymous_16)","decl":{"start":{"line":76,"column":26},"end":{"line":76,"column":27}},"loc":{"start":{"line":76,"column":40},"end":{"line":92,"column":9}},"line":76},"17":{"name":"(anonymous_17)","decl":{"start":{"line":96,"column":29},"end":{"line":96,"column":30}},"loc":{"start":{"line":96,"column":37},"end":{"line":112,"column":1}},"line":96},"18":{"name":"(anonymous_18)","decl":{"start":{"line":97,"column":23},"end":{"line":97,"column":24}},"loc":{"start":{"line":97,"column":44},"end":{"line":111,"column":5}},"line":97},"19":{"name":"(anonymous_19)","decl":{"start":{"line":99,"column":26},"end":{"line":99,"column":27}},"loc":{"start":{"line":99,"column":41},"end":{"line":110,"column":9}},"line":99},"20":{"name":"(anonymous_20)","decl":{"start":{"line":103,"column":40},"end":{"line":103,"column":41}},"loc":{"start":{"line":103,"column":47},"end":{"line":106,"column":17}},"line":103},"21":{"name":"(anonymous_21)","decl":{"start":{"line":114,"column":30},"end":{"line":114,"column":31}},"loc":{"start":{"line":114,"column":38},"end":{"line":128,"column":1}},"line":114},"22":{"name":"(anonymous_22)","decl":{"start":{"line":115,"column":23},"end":{"line":115,"column":24}},"loc":{"start":{"line":115,"column":44},"end":{"line":127,"column":5}},"line":115},"23":{"name":"(anonymous_23)","decl":{"start":{"line":117,"column":26},"end":{"line":117,"column":27}},"loc":{"start":{"line":117,"column":41},"end":{"line":126,"column":9}},"line":117},"24":{"name":"(anonymous_24)","decl":{"start":{"line":120,"column":40},"end":{"line":120,"column":41}},"loc":{"start":{"line":120,"column":47},"end":{"line":123,"column":17}},"line":120},"25":{"name":"(anonymous_25)","decl":{"start":{"line":130,"column":38},"end":{"line":130,"column":39}},"loc":{"start":{"line":130,"column":59},"end":{"line":143,"column":1}},"line":130},"26":{"name":"(anonymous_26)","decl":{"start":{"line":133,"column":23},"end":{"line":133,"column":24}},"loc":{"start":{"line":133,"column":44},"end":{"line":141,"column":5}},"line":133},"27":{"name":"(anonymous_27)","decl":{"start":{"line":135,"column":85},"end":{"line":135,"column":86}},"loc":{"start":{"line":135,"column":100},"end":{"line":140,"column":9}},"line":135},"28":{"name":"(anonymous_28)","decl":{"start":{"line":145,"column":40},"end":{"line":145,"column":41}},"loc":{"start":{"line":145,"column":64},"end":{"line":155,"column":1}},"line":145},"29":{"name":"(anonymous_29)","decl":{"start":{"line":146,"column":23},"end":{"line":146,"column":24}},"loc":{"start":{"line":146,"column":44},"end":{"line":154,"column":5}},"line":146},"30":{"name":"(anonymous_30)","decl":{"start":{"line":148,"column":62},"end":{"line":148,"column":63}},"loc":{"start":{"line":148,"column":77},"end":{"line":153,"column":9}},"line":148},"31":{"name":"(anonymous_31)","decl":{"start":{"line":157,"column":33},"end":{"line":157,"column":34}},"loc":{"start":{"line":157,"column":47},"end":{"line":173,"column":1}},"line":157},"32":{"name":"(anonymous_32)","decl":{"start":{"line":162,"column":27},"end":{"line":162,"column":28}},"loc":{"start":{"line":162,"column":48},"end":{"line":169,"column":9}},"line":162},"33":{"name":"(anonymous_33)","decl":{"start":{"line":164,"column":30},"end":{"line":164,"column":31}},"loc":{"start":{"line":164,"column":45},"end":{"line":167,"column":13}},"line":164},"34":{"name":"(anonymous_34)","decl":{"start":{"line":175,"column":33},"end":{"line":175,"column":34}},"loc":{"start":{"line":175,"column":39},"end":{"line":186,"column":1}},"line":175},"35":{"name":"(anonymous_35)","decl":{"start":{"line":176,"column":23},"end":{"line":176,"column":24}},"loc":{"start":{"line":176,"column":44},"end":{"line":185,"column":5}},"line":176},"36":{"name":"(anonymous_36)","decl":{"start":{"line":178,"column":24},"end":{"line":178,"column":25}},"loc":{"start":{"line":178,"column":39},"end":{"line":184,"column":9}},"line":178},"37":{"name":"(anonymous_37)","decl":{"start":{"line":188,"column":42},"end":{"line":188,"column":43}},"loc":{"start":{"line":188,"column":57},"end":{"line":199,"column":1}},"line":188},"38":{"name":"(anonymous_38)","decl":{"start":{"line":189,"column":23},"end":{"line":189,"column":24}},"loc":{"start":{"line":189,"column":44},"end":{"line":198,"column":5}},"line":189},"39":{"name":"(anonymous_39)","decl":{"start":{"line":191,"column":33},"end":{"line":191,"column":34}},"loc":{"start":{"line":191,"column":48},"end":{"line":197,"column":9}},"line":191},"40":{"name":"(anonymous_40)","decl":{"start":{"line":201,"column":46},"end":{"line":201,"column":47}},"loc":{"start":{"line":201,"column":61},"end":{"line":212,"column":1}},"line":201},"41":{"name":"(anonymous_41)","decl":{"start":{"line":202,"column":23},"end":{"line":202,"column":24}},"loc":{"start":{"line":202,"column":44},"end":{"line":211,"column":5}},"line":202},"42":{"name":"(anonymous_42)","decl":{"start":{"line":204,"column":33},"end":{"line":204,"column":34}},"loc":{"start":{"line":204,"column":48},"end":{"line":210,"column":9}},"line":204},"43":{"name":"(anonymous_43)","decl":{"start":{"line":214,"column":29},"end":{"line":214,"column":30}},"loc":{"start":{"line":214,"column":37},"end":{"line":228,"column":1}},"line":214},"44":{"name":"(anonymous_44)","decl":{"start":{"line":215,"column":23},"end":{"line":215,"column":24}},"loc":{"start":{"line":215,"column":44},"end":{"line":227,"column":5}},"line":215},"45":{"name":"(anonymous_45)","decl":{"start":{"line":217,"column":26},"end":{"line":217,"column":27}},"loc":{"start":{"line":217,"column":41},"end":{"line":226,"column":9}},"line":217},"46":{"name":"(anonymous_46)","decl":{"start":{"line":220,"column":42},"end":{"line":220,"column":43}},"loc":{"start":{"line":220,"column":49},"end":{"line":223,"column":17}},"line":220},"47":{"name":"(anonymous_47)","decl":{"start":{"line":230,"column":37},"end":{"line":230,"column":38}},"loc":{"start":{"line":230,"column":43},"end":{"line":241,"column":1}},"line":230},"48":{"name":"(anonymous_48)","decl":{"start":{"line":231,"column":23},"end":{"line":231,"column":24}},"loc":{"start":{"line":231,"column":44},"end":{"line":240,"column":5}},"line":231},"49":{"name":"(anonymous_49)","decl":{"start":{"line":233,"column":24},"end":{"line":233,"column":25}},"loc":{"start":{"line":233,"column":39},"end":{"line":239,"column":9}},"line":233},"50":{"name":"(anonymous_50)","decl":{"start":{"line":243,"column":33},"end":{"line":243,"column":34}},"loc":{"start":{"line":243,"column":39},"end":{"line":254,"column":1}},"line":243},"51":{"name":"(anonymous_51)","decl":{"start":{"line":244,"column":23},"end":{"line":244,"column":24}},"loc":{"start":{"line":244,"column":44},"end":{"line":253,"column":5}},"line":244},"52":{"name":"(anonymous_52)","decl":{"start":{"line":246,"column":24},"end":{"line":246,"column":25}},"loc":{"start":{"line":246,"column":39},"end":{"line":252,"column":9}},"line":246}},"branchMap":{"0":{"loc":{"start":{"line":8,"column":4},"end":{"line":8,"column":23}},"type":"if","locations":[{"start":{"line":8,"column":4},"end":{"line":8,"column":23}},{"start":{},"end":{}}],"line":8},"1":{"loc":{"start":{"line":16,"column":12},"end":{"line":17,"column":38}},"type":"if","locations":[{"start":{"line":16,"column":12},"end":{"line":17,"column":38}},{"start":{"line":17,"column":17},"end":{"line":17,"column":38}}],"line":16},"2":{"loc":{"start":{"line":25,"column":4},"end":{"line":35,"column":5}},"type":"if","locations":[{"start":{"line":25,"column":4},"end":{"line":35,"column":5}},{"start":{"line":33,"column":11},"end":{"line":35,"column":5}}],"line":25},"3":{"loc":{"start":{"line":29,"column":16},"end":{"line":30,"column":35}},"type":"if","locations":[{"start":{"line":29,"column":16},"end":{"line":30,"column":35}},{"start":{"line":30,"column":21},"end":{"line":30,"column":35}}],"line":29},"4":{"loc":{"start":{"line":41,"column":4},"end":{"line":51,"column":5}},"type":"if","locations":[{"start":{"line":41,"column":4},"end":{"line":51,"column":5}},{"start":{"line":49,"column":11},"end":{"line":51,"column":5}}],"line":41},"5":{"loc":{"start":{"line":45,"column":16},"end":{"line":46,"column":35}},"type":"if","locations":[{"start":{"line":45,"column":16},"end":{"line":46,"column":35}},{"start":{"line":46,"column":21},"end":{"line":46,"column":3
[...]
lumn":71}},"20":{"start":{"line":39,"column":8},"end":{"line":39,"column":20}},"21":{"start":{"line":42,"column":32},"end":{"line":45,"column":5}},"22":{"start":{"line":43,"column":19},"end":{"line":43,"column":76}},"23":{"start":{"line":44,"column":8},"end":{"line":44,"column":20}},"24":{"start":{"line":47,"column":17},"end":{"line":55,"column":5}},"25":{"start":{"line":48,"column":18},"end":{"line":48,"column":59}},"26":{"start":{"line":49,"column":8},"end":{"line":54,"column":9}},"27":{"start":{"line":50,"column":12},"end":{"line":50,"column":24}},"28":{"start":{"line":53,"column":12},"end":{"line":53,"column":25}},"29":{"start":{"line":57,"column":21},"end":{"line":65,"column":5}},"30":{"start":{"line":58,"column":18},"end":{"line":58,"column":49}},"31":{"start":{"line":59,"column":8},"end":{"line":64,"column":9}},"32":{"start":{"line":60,"column":12},"end":{"line":60,"column":24}},"33":{"start":{"line":63,"column":12},"end":{"line":63,"column":25}},"34":{"start":{"line":70,"column":0},"end":{"line":70,"column":29}}},"fnMap":{"0":{"name":"(anonymous_0)","decl":{"start":{"line":6,"column":4},"end":{"line":6,"column":5}},"loc":{"start":{"line":6,"column":21},"end":{"line":8,"column":5}},"line":6},"1":{"name":"(anonymous_1)","decl":{"start":{"line":10,"column":22},"end":{"line":10,"column":23}},"loc":{"start":{"line":10,"column":34},"end":{"line":13,"column":5}},"line":10},"2":{"name":"(anonymous_2)","decl":{"start":{"line":15,"column":18},"end":{"line":15,"column":19}},"loc":{"start":{"line":15,"column":30},"end":{"line":18,"column":5}},"line":15},"3":{"name":"(anonymous_3)","decl":{"start":{"line":20,"column":18},"end":{"line":20,"column":19}},"loc":{"start":{"line":20,"column":38},"end":{"line":25,"column":5}},"line":20},"4":{"name":"(anonymous_4)","decl":{"start":{"line":27,"column":17},"end":{"line":27,"column":18}},"loc":{"start":{"line":27,"column":33},"end":{"line":30,"column":5}},"line":27},"5":{"name":"(anonymous_5)","decl":{"start":{"line":32,"column":17},"end":{"line":32,"column":18}},"loc":{"start":{"line":32,"column":46},"end":{"line":35,"column":5}},"line":32},"6":{"name":"(anonymous_6)","decl":{"start":{"line":37,"column":28},"end":{"line":37,"column":29}},"loc":{"start":{"line":37,"column":54},"end":{"line":40,"column":5}},"line":37},"7":{"name":"(anonymous_7)","decl":{"start":{"line":42,"column":32},"end":{"line":42,"column":33}},"loc":{"start":{"line":42,"column":59},"end":{"line":45,"column":5}},"line":42},"8":{"name":"(anonymous_8)","decl":{"start":{"line":47,"column":17},"end":{"line":47,"column":18}},"loc":{"start":{"line":47,"column":43},"end":{"line":55,"column":5}},"line":47},"9":{"name":"(anonymous_9)","decl":{"start":{"line":57,"column":21},"end":{"line":57,"column":22}},"loc":{"start":{"line":57,"column":33},"end":{"line":65,"column":5}},"line":57}},"branchMap":{"0":{"loc":{"start":{"line":22,"column":8},"end":{"line":23,"column":29}},"type":"if","locations":[{"start":{"line":22,"column":8},"end":{"line":23,"column":29}},{"start":{},"end":{}}],"line":22},"1":{"loc":{"start":{"line":49,"column":8},"end":{"line":54,"column":9}},"type":"if","locations":[{"start":{"line":49,"column":8},"end":{"line":54,"column":9}},{"start":{"line":52,"column":13},"end":{"line":54,"column":9}}],"line":49},"2":{"loc":{"start":{"line":59,"column":8},"end":{"line":64,"column":9}},"type":"if","locations":[{"start":{"line":59,"column":8},"end":{"line":64,"column":9}},{"start":{"line":62,"column":13},"end":{"line":64,"column":9}}],"line":59}},"s":{"0":1,"1":1,"2":1,"3":1,"4":1,"5":1,"6":1,"7":1,"8":3,"9":3,"10":1,"11":2,"12":1,"13":10,"14":9,"15":1,"16":3,"17":3,"18":1,"19":3,"20":3,"21":1,"22":3,"23":3,"24":1,"25":3,"26":3,"27":2,"28":1,"29":1,"30":2,"31":2,"32":2,"33":0,"34":1},"f":{"0":1,"1":1,"2":1,"3":3,"4":10,"5":3,"6":3,"7":3,"8":3,"9":2},"b":{"0":[1,2],"1":[2,1],"2":[2,0]},"_coverageSchema":"1a1c01bbd47fc00a2c39e90264f33305004495a9","hash":"b2cd94b4a84a93cf12bd622eb31b32eb687abfa7"}
,"C:\\Users\\rikal\\Desktop\\FilesSOFTENG_Project\\Git_Project\\EzWh\\code\\server\\utilities\\validationUtils.js": {"path":"C:\\Users\\rikal\\Desktop\\FilesSOFTENG_Project\\Git_Project\\EzWh\\code\\server\\utilities\\validationUtils.js","statementMap":{"0":{"start":{"line":3,"column":14},"end":{"line":3,"column":30}},"1":{"start":{"line":4,"column":24},"end":{"line":4,"column":65}},"2":{"start":{"line":5,"column":0},"end":{"line":5,"column":31}},"3":{"start":{"line":7,"column":0},"end":{"line":13,"column":1}},"4":{"start":{"line":8,"column":4},"end":{"line":11,"column":5}},"5":{"start":{"line":8,"column":17},"end":{"line":8,"column":29}},"6":{"start":{"line":9,"column":18},"end":{"line":9,"column":33}},"7":{"start":{"line":10,"column":8},"end":{"line":10,"column":43}},"8":{"start":{"line":10,"column":30},"end":{"line":10,"column":43}},"9":{"start":{"line":12,"column":4},"end":{"line":12,"column":16}},"10":{"start":{"line":23,"column":0},"end":{"line":28,"column":1}},"11":{"start":{"line":24,"column":4},"end":{"line":27,"column":21}},"12":{"start":{"line":25,"column":8},"end":{"line":25,"column":20}},"13":{"start":{"line":27,"column":8},"end":{"line":27,"column":21}},"14":{"start":{"line":30,"column":0},"end":{"line":35,"column":1}},"15":{"start":{"line":31,"column":4},"end":{"line":34,"column":21}},"16":{"start":{"line":32,"column":8},"end":{"line":32,"column":20}},"17":{"start":{"line":34,"column":8},"end":{"line":34,"column":21}},"18":{"start":{"line":37,"column":0},"end":{"line":41,"column":1}},"19":{"start":{"line":38,"column":4},"end":{"line":40,"column":22}},"20":{"start":{"line":39,"column":8},"end":{"line":39,"column":20}},"21":{"start":{"line":40,"column":9},"end":{"line":40,"column":22}},"22":{"start":{"line":44,"column":0},"end":{"line":48,"column":1}},"23":{"start":{"line":45,"column":4},"end":{"line":46,"column":20}},"24":{"start":{"line":46,"column":8},"end":{"line":46,"column":20}},"25":{"start":{"line":47,"column":4},"end":{"line":47,"column":17}},"26":{"start":{"line":51,"column":0},"end":{"line":56,"column":1}},"27":{"start":{"line":52,"column":4},"end":{"line":54,"column":5}},"28":{"start":{"line":53,"column":8},"end":{"line":53,"column":20}},"29":{"start":{"line":55,"column":4},"end":{"line":55,"column":17}},"30":{"start":{"line":59,"column":0},"end":{"line":63,"column":1}},"31":{"start":{"line":60,"column":4},"end":{"line":61,"column":21}},"32":{"start":{"line":61,"column":8},"end":{"line":61,"column":21}},"33":{"start":{"line":62,"column":4},"end":{"line":62,"column":16}},"34":{"start":{"line":65,"column":0},"end":{"line":68,"column":1}},"35":{"start":{"line":66,"column":17},"end":{"line":66,"column":91}},"36":{"start":{"line":67,"column":4},"end":{"line":67,"column":43}},"37":{"start":{"line":71,"column":0},"end":{"line":75,"column":1}},"38":{"start":{"line":72,"column":4},"end":{"line":73,"column":20}},"39":{"start":{"line":73,"column":8},"end":{"line":73,"column":20}},"40":{"start":{"line":74,"column":4},"end":{"line":74,"column":17}},"41":{"start":{"line":78,"column":0},"end":{"line":82,"column":1}},"42":{"start":{"line":79,"column":4},"end":{"line":80,"column":20}},"43":{"start":{"line":80,"column":8},"end":{"line":80,"column":20}},"44":{"start":{"line":81,"column":4},"end":{"line":81,"column":17}},"45":{"start":{"line":86,"column":0},"end":{"line":93,"column":1}},"46":{"start":{"line":87,"column":4},"end":{"line":92,"column":5}},"47":{"start":{"line":88,"column":8},"end":{"line":88,"column":31}},"48":{"start":{"line":91,"column":8},"end":{"line":91,"column":19}},"49":{"start":{"line":96,"column":0},"end":{"line":107,"column":1}},"50":{"start":{"line":97,"column":4},"end":{"line":99,"column":5}},"51":{"start":{"line":98,"column":8},"end":{"line":98,"column":20}},"52":{"start":{"line":100,"column":4},"end":{"line":102,"column":5}},"53":{"start":{"line":101,"column":8},"end":{"line":101,"column":20}},"54":{"start":{"line":103,"column":4},"end":{"line":105,"column":5}},"55":{"start":{"line":104,"column":8},"end":{"line":104,"column":21}},"56":{"start":{"line":106,"column":4},"end":{"line":106,"column":16}},"57":{"start":{"line":110,"column":0},"end":{"line":115,"column":1}},"58":{"start":{"line":111,"column":4},"end":{"line":113,"column":5}},"59":{"start":{"line":112,"column":8},"end":{"line":112,"column":21}},"60":{"start":{"line":114,"column":4},"end":{"line":114,"column":16}},"61":{"start":{"line":118,"column":0},"end":{"line":122,"column":1}},"62":{"start":{"line":119,"column":4},"end":{"line":120,"column":20}},"63":{"start":{"line":120,"column":8},"end":{"line":120,"column":20}},"64":{"start":{"line":121,"column":4},"end":{"line":121,"column":17}},"65":{"start":{"line":125,"column":0},"end":{"line":129,"column":1}},"66":{"start":{"line":126,"column":4},"end":{"line":127,"column":20}},"67":{"start":{"line":127,"column":8},"end":{"line":127,"column":20}},"68":{"start":{"line":128,"column":4},"end":{"line":128,"column":17}}},"fnMap":{"0":{"name":"(anonymous_0)","decl":{"start":{"line":7,"column":21},"end":{"line":7,"column":22}},"loc":{"start":{"line":7,"column":28},"end":{"line":13,"column":1}},"line":7},"1":{"name":"(anonymous_1)","decl":{"start":{"line":23,"column":28},"end":{"line":23,"column":29}},"loc":{"start":{"line":23,"column":39},"end":{"line":28,"column":1}},"line":23},"2":{"name":"(anonymous_2)","decl":{"start":{"line":30,"column":31},"end":{"line":30,"column":32}},"loc":{"start":{"line":30,"column":42},"end":{"line":35,"column":1}},"line":30},"3":{"name":"(anonymous_3)","decl":{"start":{"line":37,"column":24},"end":{"line":37,"column":25}},"loc":{"start":{"line":37,"column":34},"end":{"line":41,"column":1}},"line":37},"4":{"name":"(anonymous_4)","decl":{"start":{"line":44,"column":32},"end":{"line":44,"column":33}},"loc":{"start":{"line":44,"column":43},"end":{"line":48,"column":1}},"line":44},"5":{"name":"(anonymous_5)","decl":{"start":{"line":51,"column":33},"end":{"line":51,"column":34}},"loc":{"start":{"line":51,"column":44},"end":{"line":56,"column":1}},"line":51},"6":{"name":"(anonymous_6)","decl":{"start":{"line":59,"column":33},"end":{"line":59,"column":34}},"loc":{"start":{"line":59,"column":44},"end":{"line":63,"column":1}},"line":59},"7":{"name":"(anonymous_7)","decl":{"start":{"line":65,"column":21},"end":{"line":65,"column":22}},"loc":{"start":{"line":65,"column":28},"end":{"line":68,"column":1}},"line":65},"8":{"name":"(anonymous_8)","decl":{"start":{"line":71,"column":32},"end":{"line":71,"column":33}},"loc":{"start":{"line":71,"column":43},"end":{"line":75,"column":1}},"line":71},"9":{"name":"(anonymous_9)","decl":{"start":{"line":78,"column":35},"end":{"line":78,"column":36}},"loc":{"start":{"line":78,"column":46},"end":{"line":82,"column":1}},"line":78},"10":{"name":"(anonymous_10)","decl":{"start":{"line":86,"column":32},"end":{"line":86,"column":33}},"loc":{"start":{"line":86,"column":43},"end":{"line":93,"column":1}},"line":86},"11":{"name":"(anonymous_11)","decl":{"start":{"line":96,"column":24},"end":{"line":96,"column":25}},"loc":{"start":{"line":96,"column":35},"end":{"line":107,"column":1}},"line":96},"12":{"name":"(anonymous_12)","decl":{"start":{"line":110,"column":29},"end":{"line":110,"column":30}},"loc":{"start":{"line":110,"column":39},"end":{"line":115,"column":1}},"line":110},"13":{"name":"(anonymous_13)","decl":{"start":{"line":118,"column":34},"end":{"line":118,"column":35}},"loc":{"start":{"line":118,"column":48},"end":{"line":122,"column":1}},"line":118},"14":{"name":"(anonymous_14)","decl":{"start":{"line":125,"column":37},"end":{"line":125,"column":38}},"loc":{"start":{"line":125,"column":48},"end":{"line":129,"column":1}},"line":125}},"branchMap":{"0":{"loc":{"start":{"line":10,"column":8},"end":{"line":10,"column":43}},"type":"if","locations":[{"start":{"line":10,"column":8},"end":{"line":10,"column":43}},{"start":{},"end":{}}],"line":10},"1":{"loc":{"start":{"line":10,"column":12},"end":{"line":10,"column":28}},"type":"binary-expr","locations":[{"start":{"line":10,"column":12},"end":{"line":10,"column":18}},{"start":{"line":10,"column":22},"end":{"line":10,"column":28}}],"line":10},"2":{"loc":{"start":{"line":24,"column":4},"end":{"line":27,"column":21}},"type":"if","locations":[{"start":{"line":24,"column":4},"end":{"line":27,"column":21}},{"start":{"line":27,"column":8},"end":{"line":27,"column":21}}],"line":24},"3":{"loc":{"start":{"line":24,"column":8},"end":{"line":24,"column":75}},"type":"binary-expr","locations":[{"start":{"line":24,"column":8},"end":{"line":24,"column":27}},{"start":{"line":24,"column":31},"end":{"line":24,"column":53}},{"start":{"line":24,"column":57},"end":{"line":24,"column":75}}],"line":24},"4":{"loc":{"start":{"line":31,"column":4},"end":{"line":34,"column":21}},"type":"if","locations":[{"start":{"line":31,"column":4},"end":{"line":34,"column":21}},{"start":{"line":34,"column":8},"end":{"line":34,"column":21}}],"line":31},"5":{"loc":{"start":{"line":31,"column":8},"end":{"line":31,"column":76}},"type":"binary-expr","locations":[{"start":{"line":31,"column":8},"end":{"line":31,"column":27}},{"start":{"line":31,"column":31},"end":{"line":31,"column":53}},{"start":{"line":31,"column":57},"end":{"line":31,"column":76}}],"line":31},"6":{"loc":{"start":{"line":38,"column":4},"end":{"line":40,"column":22}},"type":"if","locations":[{"start":{"line":38,"column":4},"end":{"line":40,"column":22}},{"start":{"line":40,"column":9},"end":{"line":40,"column":22}}],"line":38},"7":{"loc":{"start":{"line":38,"column":8},"end":{"line":38,"column":90}},"type":"binary-expr","locations":[{"start":{"line":38,"column":8},"end":{"line":38,"column":26}},{"start":{"line":38,"column":30},"end":{"line":38,"column":43}},{"start":{"line":38,"column":47},"end":{"line":38,"column":68}},{"start":{"line":38,"column":72},"end":{"line":38,"column":90}}],"line":38},"8":{"loc":{"start":{"line":45,"column":4},"end":{"line":46,"column":20}},"type":"if","locations":[{"start":{"line":45,"column":4},"end":{"line":46,"column":20}},{"start":{},"end":{}}],"line":45},"9":{"loc":{"start":{"line":45,"column":8},"end":{"line":45,"column":70}},"type":"binary-expr","locations":[{"start":{"line":45,"column":8},"end":{"line":45,"column":27}},{"start":{"line":45,"column":31},"end":{"line":45,"column":56}},{"start":{"line":45,"column":60},"end":{"line":45,"column":70}}],"line":45},"10":{"loc":{"start":{"line":52,"column":4},"end":{"line":54,"column":5}},"type":"if","locations":[{"start":{"line":52,"column":4},"end":{"line":54,"column":5}},{"start":{},"end":{}}],"line":52},"11":{"loc":{"start":{"line":52,"column":8},"end":{"line":52,"column":95}},"type":"binary-expr","locations":[{"start":{"line":52,"column":8},"end":{"line":52,"column":27}},{"start":{"line":52,"column":31},"end":{"line":52,"column":45}},{"start":{"line":52,"column":49},"end":{"line":52,"column":62}},{"start":{"line":52,"column":66},"end":{"line":52,"column":76}},{"start":{"line":52,"column":80},"end":{"line":52,"column":95}}],"line":52},"12":{"loc":{"start":{"line":60,"column":4},"end":{"line":61,"column":21}},"type":"if","locations":[{"start":{"line":60,"column":4},"end":{"line":61,"column":21}},{"start":{},"end":{}}],"line":60},"13":{"loc":{"start":{"line":60,"column":8},"end":{"line":60,"column":61}},"type":"binary-expr","locations":[{"start":{"line":60,"column":8},"end":{"line":60,"column":27}},{"start":{"line":60,"column":31},"end":{"line":60,"column":43}},{"start":{"line":60,"column":47},"end":{"line":60,"column":61}}],"line":60},"14":{"loc":{"start":{"line":72,"column":4},"end":{"line":73,"column":20}},"type":"if","locations":[{"start":{"line":72,"column":4},"end":{"line":73,"column":20}},{"start":{},"end":{}}],"line":72},"15":{"loc":{"start":{"line":72,"column":8},"end":{"line":72,"column":56}},"type":"binary-expr","locations":[{"start":{"line":72,"column":8},"end":{"line":72,"column":27}},{"start":{"line":72,"column":31},"end":{"line":72,"column":56}}],"line":72},"16":{"loc":{"start":{"line":79,"column":4},"end":{"line":80,"column":20}},"type":"if","locations":[{"start":{"line":79,"column":4},"end":{"line":80,"column":20}},{"start":{},"end":{}}],"line":79},"17":{"loc":{"start":{"line":79,"column":8},"end":{"line":79,"column":59}},"type":"binary-expr","locations":[{"start":{"line":79,"column":8},"end":{"line":79,"column":27}},{"start":{"line":79,"column":32},"end":{"line":79,"column":43}},{"start":{"line":79,"column":47},"end":{"line":79,"column":58}}],"line":79},"18":{"loc":{"start":{"line":97,"column":4},"end":{"line":99,"column":5}},"type":"if","locations":[{"start":{"line":97,"column":4},"end":{"line":99,"column":5}},{"start":{},"end":{}}],"line":97},"19":{"loc":{"start":{"line":100,"column":4},"end":{"line":102,"column":5}},"type":"if","locations":[{"start":{"line":100,"column":4},"end":{"line":102,"column":5}},{"start":{},"end":{}}],"line":100},"20":{"loc":{"start":{"line":103,"column":4},"end":{"line":105,"column":5}},"type":"if","locations":[{"start":{"line":103,"column":4},"end":{"line":105,"column":5}},{"start":{},"end":{}}],"line":103},"21":{"loc":{"start":{"line":103,"column":10},"end":{"line":103,"column":104}},"type":"binary-expr","locations":[{"start":{"line":103,"column":10},"end":{"line":103,"column":52}},{"start":{"line":103,"column":56},"end":{"line":103,"column":104}}],"line":103},"22":{"loc":{"start":{"line":111,"column":4},"end":{"line":113,"column":5}},"type":"if","locations":[{"start":{"line":111,"column":4},"end":{"line":113,"column":5}},{"start":{},"end":{}}],"line":111},"23":{"loc":{"start":{"line":111,"column":8},"end":{"line":111,"column":155}},"type":"binary-expr","locations":[{"start":{"line":111,"column":8},"end":{"line":111,"column":26}},{"start":{"line":111,"column":31},"end":{"line":111,"column":50}},{"start":{"line":111,"column":54},"end":{"line":111,"column":73}},{"start":{"line":111,"column":77},"end":{"line":111,"column":103}},{"start":{"line":111,"column":107},"end":{"line":111,"column":123}},{"start":{"line":111,"column":127},"end":{"line":111,"column":154}}],"line":111},"24":{"loc":{"start":{"line":119,"column":4},"end":{"line":120,"column":20}},"type":"if","locations":[{"start":{"line":119,"column":4},"end":{"line":120,"column":20}},{"start":{},"end":{}}],"line":119},"25":{"loc":{"start":{"line":119,"column":8},"end":{"line":119,"column":86}},"type":"binary-expr","locations":[{"start":{"line":119,"column":8},"end":{"line":119,"column":30}},{"start":{"line":119,"column":34},"end":{"line":119,"column":62}},{"start":{"line":119,"column":66},"end":{"line":119,"column":86}}],"line":119},"26":{"loc":{"start":{"line":126,"column":4},"end":{"line":127,"column":20}},"type":"if","locations":[{"start":{"line":126,"column":4},"end":{"line":127,"column":20}},{"start":{},"end":{}}],"line":126},"27":{"loc":{"start":{"line":126,"column":8},"end":{"line":126,"column":47}},"type":"binary-expr","locations":[{"start":{"line":126,"column":8},"end":{"line":126,"column":27}},{"start":{"line":126,"column":31},"end":{"line":126,"column":47}}],"line":126}},"s":{"0":1,"1":1,"2":1,"3":1,"4":13,"5":13,"6":149,"7":149,"8":4,"9":9,"10":1,"11":5,"12":1,"13":4,"14":1,"15":4,"16":1,"17":3,"18":1,"19":5,"20":1,"21":4,"22":1,"23":4,"24":1,"25":3,"26":1,"27":3,"28":1,"29":2,"30":1,"31":0,"32":0,"33":0,"34":1,"35":0,"36":0,"37":1,"38":3,"39":1,"40":2,"41":1,"42":5,"43":2,"44":3,"45":1,"46":3,"47":3,"48":0,"49":1,"50":8,"51":1,"52":7,"53":1,"54":6,"55":4,"56":2,"57":1,"58":8,"59":3,"60":5,"61":1,"62":3,"63":1,"64":2,"65":1,"66":3,"67":1,"68":2},"f":{"0":13,"1":5,"2":4,"3":5,"4":4,"5":3,"6":0,"7":0,"8":3,"9":5,"10":3,"11":8,"12":8,"13":3,"14":3},"b":{"0":[4,145],"1":[149,149],"2":[1,4],"3":[5,4,3],"4":[1,3],"5":[4,3,2],"6":[1,4],"7":[5,4,4,3],"8":[1,3],"9":[4,3,2],"10":[1,2],"11":[3,2,2,1,1],"12":[0,0],"13":[0,0,0],"14":[1,2],"15":[3,2],"16":[2,3],"17":[5,4,3],"18":[1,7],"19":[1,6],"20":[4,2],"21":[6,5],"22":[3,5],"23":[8,7,6,5,4,3],"24":[1,2],"25":[3,2,2],"26":[1,2],"27":[3,2]},"_coverageSchema":"1a1c01bbd47fc00a2c39e90264f33305004495a9","hash":"4ad35c1a90bc9dc6f3597c9239b29703a5893108"}
}
