TN:
SF:database\InternalOrderDB.js
FN:7,(anonymous_0)
FN:11,(anonymous_1)
FN:12,(anonymous_2)
FN:14,(anonymous_3)
FN:21,(anonymous_4)
FN:24,(anonymous_5)
FN:26,(anonymous_6)
FN:35,(anonymous_7)
FN:40,(anonymous_8)
FN:42,(anonymous_9)
FN:53,(anonymous_10)
FN:54,(anonymous_11)
FN:56,(anonymous_12)
FN:66,(anonymous_13)
FN:67,(anonymous_14)
FN:69,(anonymous_15)
FN:72,(anonymous_16)
FN:81,(anonymous_17)
FN:82,(anonymous_18)
FN:84,(anonymous_19)
FN:97,(anonymous_20)
FN:98,(anonymous_21)
FN:100,(anonymous_22)
FN:112,(anonymous_23)
FN:113,(anonymous_24)
FN:115,(anonymous_25)
FN:118,(anonymous_26)
FN:128,(anonymous_27)
FN:129,(anonymous_28)
FN:131,(anonymous_29)
FN:135,(anonymous_30)
FN:146,(anonymous_31)
FN:150,(anonymous_32)
FN:152,(anonymous_33)
FN:163,(anonymous_34)
FN:165,(anonymous_35)
FN:167,(anonymous_36)
FN:174,(anonymous_37)
FN:175,(anonymous_38)
FN:177,(anonymous_39)
FN:186,(anonymous_40)
FN:187,(anonymous_41)
FN:189,(anonymous_42)
FN:199,(anonymous_43)
FN:200,(anonymous_44)
FN:202,(anonymous_45)
FN:212,(anonymous_46)
FN:213,(anonymous_47)
FN:215,(anonymous_48)
FN:225,(anonymous_49)
FN:226,(anonymous_50)
FN:228,(anonymous_51)
FN:239,(anonymous_52)
FN:240,(anonymous_53)
FN:242,(anonymous_54)
FN:252,(anonymous_55)
FN:253,(anonymous_56)
FN:255,(anonymous_57)
FNF:58
FNH:52
FNDA:2,(anonymous_0)
FNDA:8,(anonymous_1)
FNDA:8,(anonymous_2)
FNDA:8,(anonymous_3)
FNDA:5,(anonymous_4)
FNDA:3,(anonymous_5)
FNDA:3,(anonymous_6)
FNDA:4,(anonymous_7)
FNDA:2,(anonymous_8)
FNDA:2,(anonymous_9)
FNDA:4,(anonymous_10)
FNDA:4,(anonymous_11)
FNDA:4,(anonymous_12)
FNDA:2,(anonymous_13)
FNDA:2,(anonymous_14)
FNDA:2,(anonymous_15)
FNDA:6,(anonymous_16)
FNDA:18,(anonymous_17)
FNDA:18,(anonymous_18)
FNDA:18,(anonymous_19)
FNDA:2,(anonymous_20)
FNDA:2,(anonymous_21)
FNDA:2,(anonymous_22)
FNDA:4,(anonymous_23)
FNDA:4,(anonymous_24)
FNDA:4,(anonymous_25)
FNDA:2,(anonymous_26)
FNDA:4,(anonymous_27)
FNDA:4,(anonymous_28)
FNDA:4,(anonymous_29)
FNDA:2,(anonymous_30)
FNDA:5,(anonymous_31)
FNDA:2,(anonymous_32)
FNDA:2,(anonymous_33)
FNDA:8,(anonymous_34)
FNDA:8,(anonymous_35)
FNDA:8,(anonymous_36)
FNDA:8,(anonymous_37)
FNDA:8,(anonymous_38)
FNDA:8,(anonymous_39)
FNDA:4,(anonymous_40)
FNDA:4,(anonymous_41)
FNDA:4,(anonymous_42)
FNDA:4,(anonymous_43)
FNDA:4,(anonymous_44)
FNDA:4,(anonymous_45)
FNDA:2,(anonymous_46)
FNDA:2,(anonymous_47)
FNDA:2,(anonymous_48)
FNDA:2,(anonymous_49)
FNDA:2,(anonymous_50)
FNDA:2,(anonymous_51)
FNDA:0,(anonymous_52)
FNDA:0,(anonymous_53)
FNDA:0,(anonymous_54)
FNDA:0,(anonymous_55)
FNDA:0,(anonymous_56)
FNDA:0,(anonymous_57)
DA:3,2
DA:4,2
DA:5,2
DA:6,2
DA:7,2
DA:8,2
DA:11,2
DA:12,8
DA:13,8
DA:14,8
DA:15,8
DA:16,6
DA:21,2
DA:22,5
DA:23,5
DA:24,3
DA:25,3
DA:26,3
DA:27,3
DA:28,2
DA:32,2
DA:35,2
DA:36,4
DA:37,4
DA:38,2
DA:39,2
DA:40,2
DA:41,2
DA:42,2
DA:43,2
DA:44,2
DA:50,2
DA:53,2
DA:54,4
DA:55,4
DA:56,4
DA:57,4
DA:58,0
DA:59,0
DA:61,4
DA:66,2
DA:67,2
DA:68,2
DA:69,2
DA:70,2
DA:72,2
DA:73,6
DA:75,2
DA:81,2
DA:82,18
DA:83,18
DA:84,18
DA:85,18
DA:87,18
DA:88,9
DA:90,9
DA:97,2
DA:98,2
DA:99,2
DA:100,2
DA:101,2
DA:103,2
DA:104,2
DA:106,0
DA:112,2
DA:113,4
DA:114,4
DA:115,4
DA:116,4
DA:118,4
DA:119,2
DA:120,2
DA:122,4
DA:128,2
DA:129,4
DA:130,4
DA:131,4
DA:132,4
DA:135,4
DA:136,2
DA:137,2
DA:139,4
DA:146,2
DA:147,5
DA:148,5
DA:150,2
DA:151,2
DA:152,2
DA:153,2
DA:154,2
DA:160,3
DA:163,2
DA:165,8
DA:166,8
DA:167,8
DA:168,8
DA:169,6
DA:174,2
DA:175,8
DA:176,8
DA:177,8
DA:178,8
DA:180,6
DA:186,2
DA:187,4
DA:188,4
DA:189,4
DA:190,4
DA:191,0
DA:192,0
DA:194,4
DA:199,2
DA:200,4
DA:201,4
DA:202,4
DA:203,4
DA:204,0
DA:205,0
DA:207,4
DA:212,2
DA:213,2
DA:214,2
DA:215,2
DA:216,2
DA:217,0
DA:218,0
DA:220,2
DA:225,2
DA:226,2
DA:227,2
DA:228,2
DA:229,2
DA:230,0
DA:231,0
DA:233,2
DA:239,2
DA:240,0
DA:241,0
DA:242,0
DA:243,0
DA:244,0
DA:246,0
DA:252,2
DA:253,0
DA:254,0
DA:255,0
DA:256,0
DA:257,0
DA:259,0
LF:149
LH:126
BRDA:8,0,0,0
BRDA:8,0,1,2
BRDA:15,1,0,2
BRDA:15,1,1,6
BRDA:23,2,0,3
BRDA:23,2,1,2
BRDA:27,3,0,1
BRDA:27,3,1,2
BRDA:37,4,0,2
BRDA:37,4,1,2
BRDA:43,5,0,0
BRDA:43,5,1,2
BRDA:57,6,0,0
BRDA:57,6,1,4
BRDA:70,7,0,0
BRDA:70,7,1,2
BRDA:85,8,0,0
BRDA:85,8,1,18
BRDA:87,9,0,9
BRDA:87,9,1,9
BRDA:101,10,0,0
BRDA:101,10,1,2
BRDA:103,11,0,2
BRDA:103,11,1,0
BRDA:116,12,0,0
BRDA:116,12,1,4
BRDA:132,13,0,0
BRDA:132,13,1,4
BRDA:148,14,0,2
BRDA:148,14,1,3
BRDA:153,15,0,0
BRDA:153,15,1,2
BRDA:168,16,0,2
BRDA:168,16,1,6
BRDA:178,17,0,2
BRDA:178,17,1,6
BRDA:190,18,0,0
BRDA:190,18,1,4
BRDA:203,19,0,0
BRDA:203,19,1,4
BRDA:216,20,0,0
BRDA:216,20,1,2
BRDA:229,21,0,0
BRDA:229,21,1,2
BRDA:243,22,0,0
BRDA:243,22,1,0
BRDA:244,23,0,0
BRDA:244,23,1,0
BRDA:256,24,0,0
BRDA:256,24,1,0
BRDA:257,25,0,0
BRDA:257,25,1,0
BRF:52
BRH:30
end_of_record
TN:
SF:database\ItemDB.js
FN:5,(anonymous_0)
FN:11,(anonymous_1)
FN:12,(anonymous_2)
FN:14,(anonymous_3)
FN:24,(anonymous_4)
FN:25,(anonymous_5)
FN:27,(anonymous_6)
FN:30,(anonymous_7)
FN:39,(anonymous_8)
FN:40,(anonymous_9)
FN:42,(anonymous_10)
FN:52,(anonymous_11)
FN:53,(anonymous_12)
FN:55,(anonymous_13)
FN:62,(anonymous_14)
FN:65,(anonymous_15)
FN:67,(anonymous_16)
FN:77,(anonymous_17)
FN:80,(anonymous_18)
FN:82,(anonymous_19)
FN:94,(anonymous_20)
FN:95,(anonymous_21)
FN:97,(anonymous_22)
FN:107,(anonymous_23)
FN:108,(anonymous_24)
FN:110,(anonymous_25)
FNF:26
FNH:26
FNDA:2,(anonymous_0)
FNDA:4,(anonymous_1)
FNDA:4,(anonymous_2)
FNDA:4,(anonymous_3)
FNDA:4,(anonymous_4)
FNDA:4,(anonymous_5)
FNDA:4,(anonymous_6)
FNDA:6,(anonymous_7)
FNDA:24,(anonymous_8)
FNDA:24,(anonymous_9)
FNDA:24,(anonymous_10)
FNDA:8,(anonymous_11)
FNDA:8,(anonymous_12)
FNDA:8,(anonymous_13)
FNDA:8,(anonymous_14)
FNDA:6,(anonymous_15)
FNDA:6,(anonymous_16)
FNDA:8,(anonymous_17)
FNDA:6,(anonymous_18)
FNDA:6,(anonymous_19)
FNDA:4,(anonymous_20)
FNDA:4,(anonymous_21)
FNDA:4,(anonymous_22)
FNDA:4,(anonymous_23)
FNDA:4,(anonymous_24)
FNDA:4,(anonymous_25)
DA:3,2
DA:4,2
DA:5,2
DA:6,2
DA:11,2
DA:12,4
DA:13,4
DA:14,4
DA:15,4
DA:16,0
DA:17,0
DA:19,4
DA:24,2
DA:25,4
DA:26,4
DA:27,4
DA:28,4
DA:30,6
DA:31,4
DA:39,2
DA:40,24
DA:41,24
DA:42,24
DA:43,24
DA:45,24
DA:46,18
DA:52,2
DA:53,8
DA:54,8
DA:55,8
DA:56,8
DA:57,6
DA:62,2
DA:63,8
DA:64,8
DA:65,6
DA:66,6
DA:67,6
DA:68,6
DA:69,6
DA:73,2
DA:77,2
DA:78,8
DA:79,8
DA:80,6
DA:81,6
DA:82,6
DA:83,6
DA:84,6
DA:89,2
DA:94,2
DA:95,4
DA:96,4
DA:97,4
DA:98,4
DA:100,4
DA:101,2
DA:107,2
DA:108,4
DA:109,4
DA:110,4
DA:111,4
DA:113,4
DA:114,2
LF:64
LH:62
BRDA:6,0,0,0
BRDA:6,0,1,2
BRDA:15,1,0,0
BRDA:15,1,1,4
BRDA:28,2,0,0
BRDA:28,2,1,4
BRDA:43,3,0,0
BRDA:43,3,1,24
BRDA:45,4,0,6
BRDA:45,4,1,18
BRDA:56,5,0,2
BRDA:56,5,1,6
BRDA:64,6,0,6
BRDA:64,6,1,2
BRDA:68,7,0,0
BRDA:68,7,1,6
BRDA:79,8,0,6
BRDA:79,8,1,2
BRDA:83,9,0,0
BRDA:83,9,1,6
BRDA:98,10,0,0
BRDA:98,10,1,4
BRDA:100,11,0,2
BRDA:100,11,1,2
BRDA:111,12,0,0
BRDA:111,12,1,4
BRDA:113,13,0,2
BRDA:113,13,1,2
BRF:28
BRH:20
end_of_record
TN:
SF:database\PositionDB.js
FN:5,(anonymous_0)
FN:10,(anonymous_1)
FN:13,(anonymous_2)
FN:15,(anonymous_3)
FN:26,(anonymous_4)
FN:29,(anonymous_5)
FN:31,(anonymous_6)
FN:43,(anonymous_7)
FN:44,(anonymous_8)
FN:46,(anonymous_9)
FN:60,(anonymous_10)
FN:61,(anonymous_11)
FN:63,(anonymous_12)
FN:73,(anonymous_13)
FN:74,(anonymous_14)
FN:76,(anonymous_15)
FN:79,(anonymous_16)
FN:86,(anonymous_17)
FN:87,(anonymous_18)
FN:89,(anonymous_19)
FN:96,(anonymous_20)
FN:99,(anonymous_21)
FN:101,(anonymous_22)
FNF:23
FNH:23
FNDA:2,(anonymous_0)
FNDA:9,(anonymous_1)
FNDA:5,(anonymous_2)
FNDA:5,(anonymous_3)
FNDA:8,(anonymous_4)
FNDA:6,(anonymous_5)
FNDA:6,(anonymous_6)
FNDA:22,(anonymous_7)
FNDA:22,(anonymous_8)
FNDA:22,(anonymous_9)
FNDA:4,(anonymous_10)
FNDA:4,(anonymous_11)
FNDA:4,(anonymous_12)
FNDA:4,(anonymous_13)
FNDA:4,(anonymous_14)
FNDA:4,(anonymous_15)
FNDA:6,(anonymous_16)
FNDA:8,(anonymous_17)
FNDA:8,(anonymous_18)
FNDA:8,(anonymous_19)
FNDA:5,(anonymous_20)
FNDA:2,(anonymous_21)
FNDA:2,(anonymous_22)
DA:3,2
DA:4,2
DA:5,2
DA:6,2
DA:10,2
DA:11,9
DA:12,9
DA:13,5
DA:14,5
DA:15,5
DA:16,5
DA:17,4
DA:22,4
DA:26,2
DA:27,8
DA:28,8
DA:29,6
DA:30,6
DA:31,6
DA:32,6
DA:33,6
DA:39,2
DA:43,2
DA:44,22
DA:45,22
DA:46,22
DA:47,22
DA:49,22
DA:50,9
DA:52,13
DA:53,13
DA:60,2
DA:61,4
DA:62,4
DA:63,4
DA:64,4
DA:65,0
DA:66,0
DA:68,4
DA:73,2
DA:74,4
DA:75,4
DA:76,4
DA:77,4
DA:79,6
DA:80,4
DA:86,2
DA:87,8
DA:88,8
DA:89,8
DA:90,8
DA:91,6
DA:96,2
DA:97,5
DA:98,5
DA:99,2
DA:100,2
DA:101,2
DA:102,2
DA:103,2
DA:108,3
LF:61
LH:59
BRDA:6,0,0,0
BRDA:6,0,1,2
BRDA:12,1,0,5
BRDA:12,1,1,4
BRDA:16,2,0,1
BRDA:16,2,1,4
BRDA:28,3,0,6
BRDA:28,3,1,2
BRDA:32,4,0,0
BRDA:32,4,1,6
BRDA:47,5,0,0
BRDA:47,5,1,22
BRDA:49,6,0,9
BRDA:49,6,1,13
BRDA:64,7,0,0
BRDA:64,7,1,4
BRDA:77,8,0,0
BRDA:77,8,1,4
BRDA:90,9,0,2
BRDA:90,9,1,6
BRDA:98,10,0,2
BRDA:98,10,1,3
BRDA:102,11,0,0
BRDA:102,11,1,2
BRF:24
BRH:18
end_of_record
TN:
SF:database\RestockOrderDB.js
FN:7,(anonymous_0)
FN:12,(anonymous_1)
FN:13,(anonymous_2)
FN:15,(anonymous_3)
FN:23,(anonymous_4)
FN:26,(anonymous_5)
FN:28,(anonymous_6)
FN:39,(anonymous_7)
FN:42,(anonymous_8)
FN:44,(anonymous_9)
FN:54,(anonymous_10)
FN:55,(anonymous_11)
FN:57,(anonymous_12)
FN:60,(anonymous_13)
FN:73,(anonymous_14)
FN:74,(anonymous_15)
FN:76,(anonymous_16)
FN:96,(anonymous_17)
FN:97,(anonymous_18)
FN:99,(anonymous_19)
FN:103,(anonymous_20)
FN:114,(anonymous_21)
FN:115,(anonymous_22)
FN:117,(anonymous_23)
FN:120,(anonymous_24)
FN:130,(anonymous_25)
FN:133,(anonymous_26)
FN:135,(anonymous_27)
FN:145,(anonymous_28)
FN:146,(anonymous_29)
FN:148,(anonymous_30)
FN:157,(anonymous_31)
FN:162,(anonymous_32)
FN:164,(anonymous_33)
FN:175,(anonymous_34)
FN:176,(anonymous_35)
FN:178,(anonymous_36)
FN:188,(anonymous_37)
FN:189,(anonymous_38)
FN:191,(anonymous_39)
FN:201,(anonymous_40)
FN:202,(anonymous_41)
FN:204,(anonymous_42)
FN:214,(anonymous_43)
FN:215,(anonymous_44)
FN:217,(anonymous_45)
FN:220,(anonymous_46)
FN:230,(anonymous_47)
FN:231,(anonymous_48)
FN:233,(anonymous_49)
FN:243,(anonymous_50)
FN:244,(anonymous_51)
FN:246,(anonymous_52)
FNF:53
FNH:48
FNDA:2,(anonymous_0)
FNDA:6,(anonymous_1)
FNDA:6,(anonymous_2)
FNDA:6,(anonymous_3)
FNDA:6,(anonymous_4)
FNDA:4,(anonymous_5)
FNDA:4,(anonymous_6)
FNDA:6,(anonymous_7)
FNDA:4,(anonymous_8)
FNDA:4,(anonymous_9)
FNDA:2,(anonymous_10)
FNDA:2,(anonymous_11)
FNDA:2,(anonymous_12)
FNDA:0,(anonymous_13)
FNDA:24,(anonymous_14)
FNDA:24,(anonymous_15)
FNDA:24,(anonymous_16)
FNDA:10,(anonymous_17)
FNDA:10,(anonymous_18)
FNDA:10,(anonymous_19)
FNDA:12,(anonymous_20)
FNDA:0,(anonymous_21)
FNDA:0,(anonymous_22)
FNDA:0,(anonymous_23)
FNDA:0,(anonymous_24)
FNDA:12,(anonymous_25)
FNDA:12,(anonymous_26)
FNDA:12,(anonymous_27)
FNDA:12,(anonymous_28)
FNDA:12,(anonymous_29)
FNDA:12,(anonymous_30)
FNDA:6,(anonymous_31)
FNDA:4,(anonymous_32)
FNDA:4,(anonymous_33)
FNDA:4,(anonymous_34)
FNDA:4,(anonymous_35)
FNDA:4,(anonymous_36)
FNDA:4,(anonymous_37)
FNDA:4,(anonymous_38)
FNDA:4,(anonymous_39)
FNDA:4,(anonymous_40)
FNDA:4,(anonymous_41)
FNDA:4,(anonymous_42)
FNDA:6,(anonymous_43)
FNDA:6,(anonymous_44)
FNDA:6,(anonymous_45)
FNDA:8,(anonymous_46)
FNDA:4,(anonymous_47)
FNDA:4,(anonymous_48)
FNDA:4,(anonymous_49)
FNDA:4,(anonymous_50)
FNDA:4,(anonymous_51)
FNDA:4,(anonymous_52)
DA:3,2
DA:4,2
DA:5,2
DA:6,2
DA:7,2
DA:8,2
DA:12,2
DA:13,6
DA:14,6
DA:15,6
DA:16,6
DA:17,4
DA:23,2
DA:24,6
DA:25,6
DA:26,4
DA:27,4
DA:28,4
DA:29,4
DA:30,2
DA:34,2
DA:39,2
DA:40,6
DA:41,6
DA:42,4
DA:43,4
DA:44,4
DA:45,4
DA:46,4
DA:50,2
DA:54,2
DA:55,2
DA:56,2
DA:57,2
DA:58,2
DA:60,2
DA:62,0
DA:63,0
DA:65,0
DA:67,2
DA:73,2
DA:74,24
DA:75,24
DA:76,24
DA:77,24
DA:79,24
DA:80,8
DA:82,16
DA:83,0
DA:84,0
DA:87,16
DA:88,16
DA:96,2
DA:97,10
DA:98,10
DA:99,10
DA:100,10
DA:103,10
DA:104,12
DA:105,12
DA:107,10
DA:114,2
DA:115,0
DA:116,0
DA:117,0
DA:118,0
DA:120,0
DA:121,0
DA:122,0
DA:124,0
DA:130,2
DA:133,12
DA:134,12
DA:135,12
DA:136,12
DA:138,8
DA:145,2
DA:146,12
DA:147,12
DA:148,12
DA:149,12
DA:151,8
DA:157,2
DA:158,6
DA:159,6
DA:160,4
DA:161,4
DA:162,4
DA:163,4
DA:164,4
DA:165,4
DA:166,4
DA:171,2
DA:175,2
DA:176,4
DA:177,4
DA:178,4
DA:179,4
DA:180,0
DA:181,0
DA:183,4
DA:188,2
DA:189,4
DA:190,4
DA:191,4
DA:192,4
DA:193,0
DA:194,0
DA:196,4
DA:201,2
DA:202,4
DA:203,4
DA:204,4
DA:205,4
DA:206,0
DA:207,0
DA:209,4
DA:214,2
DA:215,6
DA:216,6
DA:217,6
DA:218,6
DA:220,6
DA:221,8
DA:222,8
DA:224,6
DA:230,2
DA:231,4
DA:232,4
DA:233,4
DA:234,4
DA:235,0
DA:236,0
DA:238,4
DA:243,2
DA:244,4
DA:245,4
DA:246,4
DA:247,4
DA:248,0
DA:249,0
DA:251,4
LF:142
LH:119
BRDA:8,0,0,0
BRDA:8,0,1,2
BRDA:16,1,0,2
BRDA:16,1,1,4
BRDA:25,2,0,4
BRDA:25,2,1,2
BRDA:29,3,0,2
BRDA:29,3,1,2
BRDA:41,4,0,4
BRDA:41,4,1,2
BRDA:45,5,0,0
BRDA:45,5,1,4
BRDA:58,6,0,0
BRDA:58,6,1,2
BRDA:62,7,0,0
BRDA:62,7,1,0
BRDA:77,8,0,0
BRDA:77,8,1,24
BRDA:79,9,0,8
BRDA:79,9,1,16
BRDA:82,10,0,0
BRDA:82,10,1,16
BRDA:100,11,0,0
BRDA:100,11,1,10
BRDA:118,12,0,0
BRDA:118,12,1,0
BRDA:136,13,0,4
BRDA:136,13,1,8
BRDA:149,14,0,4
BRDA:149,14,1,8
BRDA:159,15,0,4
BRDA:159,15,1,2
BRDA:165,16,0,0
BRDA:165,16,1,4
BRDA:179,17,0,0
BRDA:179,17,1,4
BRDA:192,18,0,0
BRDA:192,18,1,4
BRDA:205,19,0,0
BRDA:205,19,1,4
BRDA:218,20,0,0
BRDA:218,20,1,6
BRDA:234,21,0,0
BRDA:234,21,1,4
BRDA:247,22,0,0
BRDA:247,22,1,4
BRF:46
BRH:29
end_of_record
TN:
SF:database\ReturnOrderDB.js
FN:6,(anonymous_0)
FN:10,(anonymous_1)
FN:11,(anonymous_2)
FN:13,(anonymous_3)
FN:23,(anonymous_4)
FN:24,(anonymous_5)
FN:26,(anonymous_6)
FN:36,(anonymous_7)
FN:37,(anonymous_8)
FN:39,(anonymous_9)
FN:42,(anonymous_10)
FN:51,(anonymous_11)
FN:52,(anonymous_12)
FN:54,(anonymous_13)
FN:67,(anonymous_14)
FN:68,(anonymous_15)
FN:70,(anonymous_16)
FN:73,(anonymous_17)
FN:84,(anonymous_18)
FN:85,(anonymous_19)
FN:87,(anonymous_20)
FN:94,(anonymous_21)
FN:98,(anonymous_22)
FN:100,(anonymous_23)
FN:110,(anonymous_24)
FN:111,(anonymous_25)
FN:113,(anonymous_26)
FN:122,(anonymous_27)
FN:123,(anonymous_28)
FN:125,(anonymous_29)
FNF:30
FNH:29
FNDA:2,(anonymous_0)
FNDA:4,(anonymous_1)
FNDA:4,(anonymous_2)
FNDA:4,(anonymous_3)
FNDA:4,(anonymous_4)
FNDA:4,(anonymous_5)
FNDA:4,(anonymous_6)
FNDA:2,(anonymous_7)
FNDA:2,(anonymous_8)
FNDA:2,(anonymous_9)
FNDA:0,(anonymous_10)
FNDA:16,(anonymous_11)
FNDA:16,(anonymous_12)
FNDA:16,(anonymous_13)
FNDA:16,(anonymous_14)
FNDA:16,(anonymous_15)
FNDA:16,(anonymous_16)
FNDA:16,(anonymous_17)
FNDA:8,(anonymous_18)
FNDA:8,(anonymous_19)
FNDA:8,(anonymous_20)
FNDA:8,(anonymous_21)
FNDA:6,(anonymous_22)
FNDA:6,(anonymous_23)
FNDA:12,(anonymous_24)
FNDA:12,(anonymous_25)
FNDA:12,(anonymous_26)
FNDA:6,(anonymous_27)
FNDA:6,(anonymous_28)
FNDA:6,(anonymous_29)
DA:3,2
DA:4,2
DA:5,2
DA:6,2
DA:7,2
DA:10,2
DA:11,4
DA:12,4
DA:13,4
DA:14,4
DA:15,0
DA:16,0
DA:18,4
DA:23,2
DA:24,4
DA:25,4
DA:26,4
DA:27,4
DA:28,0
DA:29,0
DA:31,4
DA:36,2
DA:37,2
DA:38,2
DA:39,2
DA:40,2
DA:42,2
DA:43,0
DA:45,2
DA:51,2
DA:52,16
DA:53,16
DA:54,16
DA:55,16
DA:57,16
DA:59,12
DA:67,2
DA:68,16
DA:69,16
DA:70,16
DA:71,16
DA:73,16
DA:74,16
DA:75,16
DA:78,16
DA:84,2
DA:85,8
DA:86,8
DA:87,8
DA:88,8
DA:89,6
DA:94,2
DA:95,8
DA:96,8
DA:97,6
DA:98,6
DA:99,6
DA:100,6
DA:101,6
DA:102,6
DA:106,2
DA:110,2
DA:111,12
DA:112,12
DA:113,12
DA:114,12
DA:116,8
DA:122,2
DA:123,6
DA:124,6
DA:125,6
DA:126,6
DA:127,0
DA:128,0
DA:130,6
LF:75
LH:68
BRDA:7,0,0,0
BRDA:7,0,1,2
BRDA:14,1,0,0
BRDA:14,1,1,4
BRDA:27,2,0,0
BRDA:27,2,1,4
BRDA:40,3,0,0
BRDA:40,3,1,2
BRDA:55,4,0,0
BRDA:55,4,1,16
BRDA:57,5,0,4
BRDA:57,5,1,12
BRDA:71,6,0,0
BRDA:71,6,1,16
BRDA:88,7,0,2
BRDA:88,7,1,6
BRDA:96,8,0,6
BRDA:96,8,1,2
BRDA:101,9,0,0
BRDA:101,9,1,6
BRDA:114,10,0,4
BRDA:114,10,1,8
BRDA:126,11,0,0
BRDA:126,11,1,6
BRF:24
BRH:16
end_of_record
TN:
SF:database\SkuDB.js
FN:5,(anonymous_0)
FN:10,(anonymous_1)
FN:11,(anonymous_2)
FN:13,(anonymous_3)
FN:21,(anonymous_4)
FN:22,(anonymous_5)
FN:24,(anonymous_6)
FN:27,(anonymous_7)
FN:34,(anonymous_8)
FN:35,(anonymous_9)
FN:37,(anonymous_10)
FN:51,(anonymous_11)
FN:54,(anonymous_12)
FN:56,(anonymous_13)
FN:66,(anonymous_14)
FN:67,(anonymous_15)
FN:69,(anonymous_16)
FN:79,(anonymous_17)
FN:82,(anonymous_18)
FN:84,(anonymous_19)
FN:93,(anonymous_20)
FN:96,(anonymous_21)
FN:98,(anonymous_22)
FNF:23
FNH:23
FNDA:2,(anonymous_0)
FNDA:6,(anonymous_1)
FNDA:6,(anonymous_2)
FNDA:6,(anonymous_3)
FNDA:2,(anonymous_4)
FNDA:2,(anonymous_5)
FNDA:2,(anonymous_6)
FNDA:4,(anonymous_7)
FNDA:17,(anonymous_8)
FNDA:17,(anonymous_9)
FNDA:17,(anonymous_10)
FNDA:4,(anonymous_11)
FNDA:2,(anonymous_12)
FNDA:2,(anonymous_13)
FNDA:4,(anonymous_14)
FNDA:4,(anonymous_15)
FNDA:4,(anonymous_16)
FNDA:4,(anonymous_17)
FNDA:2,(anonymous_18)
FNDA:2,(anonymous_19)
FNDA:5,(anonymous_20)
FNDA:4,(anonymous_21)
FNDA:4,(anonymous_22)
DA:3,2
DA:4,2
DA:5,2
DA:6,2
DA:10,2
DA:11,6
DA:12,6
DA:13,6
DA:14,6
DA:15,4
DA:21,2
DA:22,2
DA:23,2
DA:24,2
DA:25,2
DA:27,4
DA:28,2
DA:34,2
DA:35,17
DA:36,17
DA:37,17
DA:38,17
DA:40,17
DA:41,7
DA:43,10
DA:44,10
DA:51,2
DA:52,4
DA:53,4
DA:54,2
DA:55,2
DA:56,2
DA:57,2
DA:58,2
DA:63,2
DA:66,2
DA:67,4
DA:68,4
DA:69,4
DA:70,4
DA:71,0
DA:72,0
DA:74,4
DA:79,2
DA:80,4
DA:81,4
DA:82,2
DA:83,2
DA:84,2
DA:85,2
DA:86,2
DA:90,2
DA:93,2
DA:94,5
DA:95,5
DA:96,4
DA:97,4
DA:98,4
DA:99,4
DA:100,2
DA:104,1
LF:61
LH:59
BRDA:6,0,0,0
BRDA:6,0,1,2
BRDA:14,1,0,2
BRDA:14,1,1,4
BRDA:25,2,0,0
BRDA:25,2,1,2
BRDA:38,3,0,0
BRDA:38,3,1,17
BRDA:40,4,0,7
BRDA:40,4,1,10
BRDA:53,5,0,2
BRDA:53,5,1,2
BRDA:57,6,0,0
BRDA:57,6,1,2
BRDA:70,7,0,0
BRDA:70,7,1,4
BRDA:81,8,0,2
BRDA:81,8,1,2
BRDA:85,9,0,0
BRDA:85,9,1,2
BRDA:95,10,0,4
BRDA:95,10,1,1
BRDA:99,11,0,2
BRDA:99,11,1,2
BRF:24
BRH:18
end_of_record
TN:
SF:database\SkuItemDB.js
FN:5,(anonymous_0)
FN:9,(anonymous_1)
FN:10,(anonymous_2)
FN:12,(anonymous_3)
FN:22,(anonymous_4)
FN:23,(anonymous_5)
FN:25,(anonymous_6)
FN:33,(anonymous_7)
FN:34,(anonymous_8)
FN:36,(anonymous_9)
FN:39,(anonymous_10)
FN:48,(anonymous_11)
FN:49,(anonymous_12)
FN:51,(anonymous_13)
FN:58,(anonymous_14)
FN:66,(anonymous_15)
FN:67,(anonymous_16)
FN:69,(anonymous_17)
FN:84,(anonymous_18)
FN:87,(anonymous_19)
FN:89,(anonymous_20)
FN:99,(anonymous_21)
FN:102,(anonymous_22)
FN:104,(anonymous_23)
FNF:24
FNH:24
FNDA:2,(anonymous_0)
FNDA:4,(anonymous_1)
FNDA:4,(anonymous_2)
FNDA:4,(anonymous_3)
FNDA:4,(anonymous_4)
FNDA:4,(anonymous_5)
FNDA:4,(anonymous_6)
FNDA:2,(anonymous_7)
FNDA:2,(anonymous_8)
FNDA:2,(anonymous_9)
FNDA:4,(anonymous_10)
FNDA:4,(anonymous_11)
FNDA:4,(anonymous_12)
FNDA:4,(anonymous_13)
FNDA:2,(anonymous_14)
FNDA:12,(anonymous_15)
FNDA:12,(anonymous_16)
FNDA:12,(anonymous_17)
FNDA:4,(anonymous_18)
FNDA:2,(anonymous_19)
FNDA:2,(anonymous_20)
FNDA:4,(anonymous_21)
FNDA:2,(anonymous_22)
FNDA:2,(anonymous_23)
DA:3,2
DA:4,2
DA:5,2
DA:6,2
DA:9,2
DA:10,4
DA:11,4
DA:12,4
DA:13,4
DA:14,0
DA:15,0
DA:17,4
DA:22,2
DA:23,4
DA:24,4
DA:25,4
DA:26,4
DA:27,4
DA:33,2
DA:34,2
DA:35,2
DA:36,2
DA:37,2
DA:39,4
DA:40,2
DA:48,2
DA:49,4
DA:50,4
DA:51,4
DA:52,4
DA:54,4
DA:55,0
DA:58,4
DA:59,4
DA:66,2
DA:67,12
DA:68,12
DA:69,12
DA:70,12
DA:72,12
DA:73,6
DA:76,6
DA:77,6
DA:84,2
DA:85,4
DA:86,4
DA:87,2
DA:88,2
DA:89,2
DA:90,2
DA:91,2
DA:96,2
DA:99,2
DA:100,4
DA:101,4
DA:102,2
DA:103,2
DA:104,2
DA:105,2
DA:106,2
DA:110,2
LF:61
LH:58
BRDA:6,0,0,0
BRDA:6,0,1,2
BRDA:13,1,0,0
BRDA:13,1,1,4
BRDA:26,2,0,0
BRDA:26,2,1,4
BRDA:37,3,0,0
BRDA:37,3,1,2
BRDA:52,4,0,0
BRDA:52,4,1,4
BRDA:54,5,0,0
BRDA:54,5,1,4
BRDA:70,6,0,0
BRDA:70,6,1,12
BRDA:72,7,0,6
BRDA:72,7,1,6
BRDA:86,8,0,2
BRDA:86,8,1,2
BRDA:90,9,0,0
BRDA:90,9,1,2
BRDA:101,10,0,2
BRDA:101,10,1,2
BRDA:105,11,0,0
BRDA:105,11,1,2
BRF:24
BRH:15
end_of_record
TN:
SF:database\TestDescriptorDB.js
FN:5,(anonymous_0)
FN:9,(anonymous_1)
FN:10,(anonymous_2)
FN:12,(anonymous_3)
FN:22,(anonymous_4)
FN:23,(anonymous_5)
FN:25,(anonymous_6)
FN:29,(anonymous_7)
FN:38,(anonymous_8)
FN:39,(anonymous_9)
FN:41,(anonymous_10)
FN:50,(anonymous_11)
FN:51,(anonymous_12)
FN:53,(anonymous_13)
FN:67,(anonymous_14)
FN:68,(anonymous_15)
FN:70,(anonymous_16)
FN:73,(anonymous_17)
FN:80,(anonymous_18)
FN:83,(anonymous_19)
FN:85,(anonymous_20)
FN:96,(anonymous_21)
FN:99,(anonymous_22)
FN:101,(anonymous_23)
FNF:24
FNH:23
FNDA:2,(anonymous_0)
FNDA:4,(anonymous_1)
FNDA:4,(anonymous_2)
FNDA:4,(anonymous_3)
FNDA:2,(anonymous_4)
FNDA:2,(anonymous_5)
FNDA:2,(anonymous_6)
FNDA:0,(anonymous_7)
FNDA:8,(anonymous_8)
FNDA:8,(anonymous_9)
FNDA:8,(anonymous_10)
FNDA:24,(anonymous_11)
FNDA:24,(anonymous_12)
FNDA:24,(anonymous_13)
FNDA:6,(anonymous_14)
FNDA:6,(anonymous_15)
FNDA:6,(anonymous_16)
FNDA:6,(anonymous_17)
FNDA:8,(anonymous_18)
FNDA:4,(anonymous_19)
FNDA:4,(anonymous_20)
FNDA:8,(anonymous_21)
FNDA:6,(anonymous_22)
FNDA:6,(anonymous_23)
DA:3,2
DA:4,2
DA:5,2
DA:6,2
DA:9,2
DA:10,4
DA:11,4
DA:12,4
DA:13,4
DA:14,0
DA:15,0
DA:17,4
DA:22,2
DA:23,2
DA:24,2
DA:25,2
DA:26,2
DA:29,2
DA:30,2
DA:38,2
DA:39,8
DA:40,8
DA:41,8
DA:42,8
DA:43,2
DA:45,6
DA:50,2
DA:51,24
DA:52,24
DA:53,24
DA:54,24
DA:56,24
DA:57,8
DA:59,16
DA:60,16
DA:67,2
DA:68,6
DA:69,6
DA:70,6
DA:71,6
DA:73,6
DA:74,6
DA:80,2
DA:81,8
DA:82,8
DA:83,4
DA:84,4
DA:85,4
DA:86,4
DA:87,4
DA:92,4
DA:96,2
DA:97,8
DA:98,8
DA:99,6
DA:100,6
DA:101,6
DA:102,6
DA:103,6
DA:109,2
LF:60
LH:58
BRDA:6,0,0,0
BRDA:6,0,1,2
BRDA:13,1,0,0
BRDA:13,1,1,4
BRDA:26,2,0,0
BRDA:26,2,1,2
BRDA:42,3,0,2
BRDA:42,3,1,6
BRDA:54,4,0,0
BRDA:54,4,1,24
BRDA:56,5,0,8
BRDA:56,5,1,16
BRDA:71,6,0,0
BRDA:71,6,1,6
BRDA:82,7,0,4
BRDA:82,7,1,4
BRDA:86,8,0,0
BRDA:86,8,1,4
BRDA:98,9,0,6
BRDA:98,9,1,2
BRDA:102,10,0,0
BRDA:102,10,1,6
BRF:22
BRH:15
end_of_record
TN:
SF:database\TestResultDB.js
FN:5,(anonymous_0)
FN:9,(anonymous_1)
FN:10,(anonymous_2)
FN:12,(anonymous_3)
FN:19,(anonymous_4)
FN:22,(anonymous_5)
FN:24,(anonymous_6)
FN:34,(anonymous_7)
FN:37,(anonymous_8)
FN:39,(anonymous_9)
FN:51,(anonymous_10)
FN:52,(anonymous_11)
FN:54,(anonymous_12)
FN:64,(anonymous_13)
FN:65,(anonymous_14)
FN:67,(anonymous_15)
FN:70,(anonymous_16)
FN:77,(anonymous_17)
FN:78,(anonymous_18)
FN:80,(anonymous_19)
FN:93,(anonymous_20)
FN:94,(anonymous_21)
FN:96,(anonymous_22)
FNF:23
FNH:23
FNDA:2,(anonymous_0)
FNDA:8,(anonymous_1)
FNDA:8,(anonymous_2)
FNDA:8,(anonymous_3)
FNDA:8,(anonymous_4)
FNDA:4,(anonymous_5)
FNDA:4,(anonymous_6)
FNDA:8,(anonymous_7)
FNDA:6,(anonymous_8)
FNDA:6,(anonymous_9)
FNDA:4,(anonymous_10)
FNDA:4,(anonymous_11)
FNDA:4,(anonymous_12)
FNDA:6,(anonymous_13)
FNDA:6,(anonymous_14)
FNDA:6,(anonymous_15)
FNDA:6,(anonymous_16)
FNDA:12,(anonymous_17)
FNDA:12,(anonymous_18)
FNDA:12,(anonymous_19)
FNDA:16,(anonymous_20)
FNDA:16,(anonymous_21)
FNDA:16,(anonymous_22)
DA:3,2
DA:4,2
DA:5,2
DA:6,2
DA:9,2
DA:10,8
DA:11,8
DA:12,8
DA:13,8
DA:14,6
DA:19,2
DA:20,8
DA:21,8
DA:22,4
DA:23,4
DA:24,4
DA:25,4
DA:26,4
DA:30,4
DA:34,2
DA:35,8
DA:36,8
DA:37,6
DA:38,6
DA:39,6
DA:40,6
DA:41,6
DA:46,2
DA:51,2
DA:52,4
DA:53,4
DA:54,4
DA:55,4
DA:56,0
DA:57,0
DA:59,4
DA:64,2
DA:65,6
DA:66,6
DA:67,6
DA:68,6
DA:70,6
DA:71,6
DA:77,2
DA:78,12
DA:79,12
DA:80,12
DA:81,12
DA:83,12
DA:84,6
DA:85,6
DA:87,6
DA:93,2
DA:94,16
DA:95,16
DA:96,16
DA:97,16
DA:99,16
DA:100,10
DA:101,10
DA:103,6
LF:61
LH:59
BRDA:6,0,0,0
BRDA:6,0,1,2
BRDA:13,1,0,2
BRDA:13,1,1,6
BRDA:21,2,0,4
BRDA:21,2,1,4
BRDA:25,3,0,0
BRDA:25,3,1,4
BRDA:36,4,0,6
BRDA:36,4,1,2
BRDA:40,5,0,0
BRDA:40,5,1,6
BRDA:55,6,0,0
BRDA:55,6,1,4
BRDA:68,7,0,0
BRDA:68,7,1,6
BRDA:70,8,0,4
BRDA:70,8,1,2
BRDA:81,9,0,0
BRDA:81,9,1,12
BRDA:83,10,0,6
BRDA:83,10,1,6
BRDA:84,11,0,4
BRDA:84,11,1,2
BRDA:97,12,0,0
BRDA:97,12,1,16
BRDA:99,13,0,10
BRDA:99,13,1,6
BRDA:100,14,0,6
BRDA:100,14,1,4
BRF:30
BRH:23
end_of_record
TN:
SF:database\UserDB.js
FN:7,(anonymous_0)
FN:11,(anonymous_1)
FN:12,(anonymous_2)
FN:14,(anonymous_3)
FN:26,(anonymous_4)
FN:27,(anonymous_5)
FN:29,(anonymous_6)
FN:32,(anonymous_7)
FN:39,(anonymous_8)
FN:40,(anonymous_9)
FN:42,(anonymous_10)
FN:50,(anonymous_11)
FN:68,(anonymous_12)
FN:69,(anonymous_13)
FN:71,(anonymous_14)
FN:81,(anonymous_15)
FN:84,(anonymous_16)
FN:86,(anonymous_17)
FN:96,(anonymous_18)
FN:97,(anonymous_19)
FN:99,(anonymous_20)
FN:102,(anonymous_21)
FN:110,(anonymous_22)
FN:111,(anonymous_23)
FN:112,(anonymous_24)
FN:120,(anonymous_25)
FN:130,(anonymous_26)
FN:133,(anonymous_27)
FN:135,(anonymous_28)
FN:144,(anonymous_29)
FN:145,(anonymous_30)
FN:147,(anonymous_31)
FNF:32
FNH:32
FNDA:2,(anonymous_0)
FNDA:6,(anonymous_1)
FNDA:6,(anonymous_2)
FNDA:6,(anonymous_3)
FNDA:2,(anonymous_4)
FNDA:2,(anonymous_5)
FNDA:2,(anonymous_6)
FNDA:4,(anonymous_7)
FNDA:6,(anonymous_8)
FNDA:6,(anonymous_9)
FNDA:6,(anonymous_10)
FNDA:4,(anonymous_11)
FNDA:4,(anonymous_12)
FNDA:4,(anonymous_13)
FNDA:4,(anonymous_14)
FNDA:6,(anonymous_15)
FNDA:4,(anonymous_16)
FNDA:4,(anonymous_17)
FNDA:2,(anonymous_18)
FNDA:2,(anonymous_19)
FNDA:2,(anonymous_20)
FNDA:6,(anonymous_21)
FNDA:20,(anonymous_22)
FNDA:20,(anonymous_23)
FNDA:20,(anonymous_24)
FNDA:20,(anonymous_25)
FNDA:6,(anonymous_26)
FNDA:6,(anonymous_27)
FNDA:6,(anonymous_28)
FNDA:18,(anonymous_29)
FNDA:18,(anonymous_30)
FNDA:18,(anonymous_31)
DA:3,2
DA:4,2
DA:5,2
DA:6,2
DA:7,2
DA:8,2
DA:11,2
DA:12,6
DA:13,6
DA:14,6
DA:15,6
DA:17,6
DA:18,4
DA:26,2
DA:27,2
DA:28,2
DA:29,2
DA:30,2
DA:32,4
DA:33,2
DA:39,2
DA:40,6
DA:41,6
DA:42,6
DA:43,6
DA:45,6
DA:46,2
DA:49,4
DA:50,4
DA:51,4
DA:52,0
DA:55,4
DA:56,4
DA:58,0
DA:68,2
DA:69,4
DA:70,4
DA:71,4
DA:72,4
DA:73,0
DA:74,0
DA:76,4
DA:81,2
DA:82,6
DA:83,6
DA:84,4
DA:85,4
DA:86,4
DA:87,4
DA:88,4
DA:93,2
DA:96,2
DA:97,2
DA:98,2
DA:99,2
DA:100,2
DA:102,6
DA:104,2
DA:110,2
DA:111,20
DA:112,20
DA:113,20
DA:114,0
DA:115,0
DA:118,20
DA:119,20
DA:120,20
DA:121,20
DA:122,18
DA:130,2
DA:131,6
DA:132,6
DA:133,6
DA:134,6
DA:135,6
DA:136,6
DA:137,6
DA:141,0
DA:144,2
DA:145,18
DA:146,18
DA:147,18
DA:148,18
DA:150,18
DA:151,8
DA:154,10
DA:155,10
LF:87
LH:80
BRDA:8,0,0,0
BRDA:8,0,1,2
BRDA:15,1,0,0
BRDA:15,1,1,6
BRDA:17,2,0,2
BRDA:17,2,1,4
BRDA:30,3,0,0
BRDA:30,3,1,2
BRDA:43,4,0,0
BRDA:43,4,1,6
BRDA:45,5,0,2
BRDA:45,5,1,4
BRDA:51,6,0,0
BRDA:51,6,1,4
BRDA:55,7,0,4
BRDA:55,7,1,0
BRDA:72,8,0,0
BRDA:72,8,1,4
BRDA:83,9,0,4
BRDA:83,9,1,2
BRDA:87,10,0,0
BRDA:87,10,1,4
BRDA:100,11,0,0
BRDA:100,11,1,2
BRDA:113,12,0,0
BRDA:113,12,1,20
BRDA:121,13,0,2
BRDA:121,13,1,18
BRDA:132,14,0,6
BRDA:132,14,1,0
BRDA:136,15,0,0
BRDA:136,15,1,6
BRDA:148,16,0,0
BRDA:148,16,1,18
BRDA:150,17,0,8
BRDA:150,17,1,10
BRF:36
BRH:23
end_of_record
TN:
SF:models\Internal_Order.js
FN:7,(anonymous_0)
FN:16,(anonymous_1)
FN:22,(anonymous_2)
FNF:3
FNH:3
FNDA:25,(anonymous_0)
FNDA:1,(anonymous_1)
FNDA:1,(anonymous_2)
DA:3,3
DA:8,25
DA:9,25
DA:10,25
DA:11,25
DA:12,25
DA:17,1
DA:19,1
DA:20,3
DA:23,1
DA:27,3
LF:11
LH:11
BRDA:7,0,0,8
BRDA:7,1,0,23
BRDA:17,2,0,0
BRDA:17,2,1,1
BRF:4
BRH:3
end_of_record
TN:
SF:models\Item.js
FN:5,(anonymous_0)
FN:13,(anonymous_1)
FN:17,(anonymous_2)
FNF:3
FNH:3
FNDA:42,(anonymous_0)
FNDA:1,(anonymous_1)
FNDA:1,(anonymous_2)
DA:6,42
DA:7,42
DA:8,42
DA:9,42
DA:10,42
DA:14,1
DA:18,1
DA:22,3
LF:8
LH:8
BRF:0
BRH:0
end_of_record
TN:
SF:models\Position.js
FN:5,(anonymous_0)
FNF:1
FNH:1
FNDA:36,(anonymous_0)
DA:6,36
DA:7,36
DA:8,36
DA:9,36
DA:10,36
DA:11,36
DA:12,36
DA:13,36
DA:18,2
LF:9
LH:9
BRDA:5,0,0,0
BRDA:5,1,0,2
BRF:2
BRH:1
end_of_record
TN:
SF:models\Product.js
FN:5,(anonymous_0)
FNF:1
FNH:1
FNDA:30,(anonymous_0)
DA:6,30
DA:7,30
DA:8,30
DA:9,30
DA:15,4
LF:5
LH:5
BRF:0
BRH:0
end_of_record
TN:
SF:models\Product_Return.js
FN:6,(anonymous_0)
FNF:1
FNH:1
FNDA:38,(anonymous_0)
DA:7,38
DA:8,38
DA:9,38
DA:10,38
DA:16,4
LF:5
LH:5
BRF:0
BRH:0
end_of_record
TN:
SF:models\Restock_Order.js
FN:7,(anonymous_0)
FN:17,(anonymous_1)
FN:23,(anonymous_2)
FN:34,(anonymous_3)
FN:38,(anonymous_4)
FN:42,(anonymous_5)
FNF:6
FNH:6
FNDA:39,(anonymous_0)
FNDA:1,(anonymous_1)
FNDA:1,(anonymous_2)
FNDA:1,(anonymous_3)
FNDA:1,(anonymous_4)
FNDA:1,(anonymous_5)
DA:3,3
DA:8,39
DA:9,39
DA:10,39
DA:11,39
DA:12,39
DA:13,39
DA:14,39
DA:18,1
DA:20,1
DA:21,0
DA:24,1
DA:25,1
DA:26,1
DA:27,3
DA:30,0
DA:35,1
DA:39,1
DA:43,1
DA:44,1
DA:45,1
DA:50,3
LF:22
LH:20
BRDA:7,0,0,6
BRDA:7,1,0,39
BRDA:7,2,0,39
BRDA:18,3,0,0
BRDA:18,3,1,1
BRDA:24,4,0,0
BRDA:24,4,1,1
BRDA:25,5,0,1
BRDA:25,5,1,0
BRDA:43,6,0,0
BRDA:43,6,1,1
BRDA:44,7,0,1
BRDA:44,7,1,0
BRF:13
BRH:8
end_of_record
TN:
SF:models\Return_Order.js
FN:7,(anonymous_0)
FN:14,(anonymous_1)
FNF:2
FNH:2
FNDA:21,(anonymous_0)
FNDA:1,(anonymous_1)
DA:3,3
DA:8,21
DA:9,21
DA:10,21
DA:11,21
DA:15,1
DA:17,1
DA:18,0
DA:23,3
LF:9
LH:8
BRDA:7,0,0,14
BRDA:15,1,0,0
BRDA:15,1,1,1
BRF:3
BRH:2
end_of_record
TN:
SF:models\Sku.js
FN:5,(anonymous_0)
FN:17,(anonymous_1)
FNF:2
FNH:1
FNDA:25,(anonymous_0)
FNDA:0,(anonymous_1)
DA:6,25
DA:7,25
DA:8,25
DA:9,25
DA:10,25
DA:11,25
DA:12,25
DA:13,25
DA:14,25
DA:18,0
DA:26,2
LF:11
LH:10
BRDA:5,0,0,11
BRDA:5,1,0,25
BRF:2
BRH:2
end_of_record
TN:
SF:models\Sku_Item.js
FN:7,(anonymous_0)
FNF:1
FNH:1
FNDA:22,(anonymous_0)
DA:3,2
DA:8,22
DA:9,22
DA:10,22
DA:11,22
DA:16,2
LF:6
LH:6
BRDA:7,0,0,10
BRF:1
BRH:1
end_of_record
TN:
SF:models\Sku_Item_RestockOrder.js
FN:6,(anonymous_0)
FNF:1
FNH:1
FNDA:24,(anonymous_0)
DA:7,24
DA:8,24
DA:13,2
LF:3
LH:3
BRF:0
BRH:0
end_of_record
TN:
SF:models\Test_Descriptor.js
FN:5,(anonymous_0)
FNF:1
FNH:1
FNDA:32,(anonymous_0)
DA:6,32
DA:7,32
DA:8,32
DA:9,32
DA:14,2
LF:5
LH:5
BRF:0
BRH:0
end_of_record
TN:
SF:models\Test_Result.js
FN:7,(anonymous_0)
FNF:1
FNH:1
FNDA:38,(anonymous_0)
DA:3,2
DA:8,38
DA:9,38
DA:10,38
DA:11,38
DA:15,2
LF:6
LH:6
BRF:0
BRH:0
end_of_record
TN:
SF:models\User.js
FN:5,(anonymous_0)
FN:14,(anonymous_1)
FNF:2
FNH:2
FNDA:24,(anonymous_0)
FNDA:4,(anonymous_1)
DA:6,24
DA:7,24
DA:8,24
DA:9,24
DA:10,24
DA:11,24
DA:15,4
DA:19,2
LF:8
LH:8
BRF:0
BRH:0
end_of_record
TN:
SF:models\User_Mapped.js
FN:5,(anonymous_0)
FN:13,(anonymous_1)
FNF:2
FNH:2
FNDA:24,(anonymous_0)
FNDA:4,(anonymous_1)
DA:6,24
DA:7,24
DA:8,24
DA:9,24
DA:10,24
DA:14,4
DA:18,2
LF:7
LH:7
BRDA:5,0,0,4
BRF:1
BRH:1
end_of_record
TN:
SF:services\InternalOrderService.js
FN:5,(anonymous_0)
FN:9,(anonymous_1)
FN:14,(anonymous_2)
FN:19,(anonymous_3)
FN:24,(anonymous_4)
FN:29,(anonymous_5)
FN:34,(anonymous_6)
FN:38,(anonymous_7)
FN:42,(anonymous_8)
FN:47,(anonymous_9)
FN:52,(anonymous_10)
FN:57,(anonymous_11)
FN:62,(anonymous_12)
FN:66,(anonymous_13)
FN:70,(anonymous_14)
FN:74,(anonymous_15)
FN:78,(anonymous_16)
FNF:17
FNH:15
FNDA:1,(anonymous_0)
FNDA:4,(anonymous_1)
FNDA:2,(anonymous_2)
FNDA:2,(anonymous_3)
FNDA:2,(anonymous_4)
FNDA:1,(anonymous_5)
FNDA:2,(anonymous_6)
FNDA:1,(anonymous_7)
FNDA:2,(anonymous_8)
FNDA:2,(anonymous_9)
FNDA:2,(anonymous_10)
FNDA:4,(anonymous_11)
FNDA:4,(anonymous_12)
FNDA:2,(anonymous_13)
FNDA:2,(anonymous_14)
FNDA:0,(anonymous_15)
FNDA:0,(anonymous_16)
DA:6,1
DA:9,1
DA:10,4
DA:11,3
DA:14,1
DA:15,2
DA:16,2
DA:19,1
DA:20,2
DA:21,2
DA:24,1
DA:25,2
DA:26,2
DA:29,1
DA:30,1
DA:31,1
DA:34,1
DA:35,2
DA:36,2
DA:38,1
DA:39,1
DA:40,1
DA:42,1
DA:43,2
DA:44,2
DA:47,1
DA:48,2
DA:49,2
DA:52,1
DA:53,2
DA:54,2
DA:57,1
DA:58,4
DA:59,3
DA:62,1
DA:63,4
DA:64,3
DA:66,1
DA:67,2
DA:68,2
DA:70,1
DA:71,2
DA:72,2
DA:74,1
DA:75,0
DA:76,0
DA:78,1
DA:79,0
DA:80,0
DA:85,1
LF:50
LH:46
BRF:0
BRH:0
end_of_record
TN:
SF:services\ItemService.js
FN:5,(anonymous_0)
FN:9,(anonymous_1)
FN:14,(anonymous_2)
FN:19,(anonymous_3)
FN:24,(anonymous_4)
FN:29,(anonymous_5)
FN:34,(anonymous_6)
FN:39,(anonymous_7)
FN:44,(anonymous_8)
FNF:9
FNH:9
FNDA:1,(anonymous_0)
FNDA:2,(anonymous_1)
FNDA:2,(anonymous_2)
FNDA:4,(anonymous_3)
FNDA:4,(anonymous_4)
FNDA:4,(anonymous_5)
FNDA:4,(anonymous_6)
FNDA:2,(anonymous_7)
FNDA:2,(anonymous_8)
DA:6,1
DA:9,1
DA:10,2
DA:11,2
DA:14,1
DA:15,2
DA:16,2
DA:19,1
DA:20,4
DA:21,4
DA:24,1
DA:25,4
DA:26,3
DA:29,1
DA:30,4
DA:31,4
DA:34,1
DA:35,4
DA:36,4
DA:39,1
DA:40,2
DA:41,2
DA:44,1
DA:45,2
DA:46,2
DA:52,1
LF:26
LH:26
BRF:0
BRH:0
end_of_record
TN:
SF:services\PositionService.js
FN:5,(anonymous_0)
FN:9,(anonymous_1)
FN:14,(anonymous_2)
FN:19,(anonymous_3)
FN:24,(anonymous_4)
FN:29,(anonymous_5)
FN:34,(anonymous_6)
FNF:7
FNH:7
FNDA:1,(anonymous_0)
FNDA:4,(anonymous_1)
FNDA:4,(anonymous_2)
FNDA:2,(anonymous_3)
FNDA:2,(anonymous_4)
FNDA:4,(anonymous_5)
FNDA:2,(anonymous_6)
DA:6,1
DA:9,1
DA:10,4
DA:11,4
DA:14,1
DA:15,4
DA:16,4
DA:19,1
DA:20,2
DA:21,2
DA:24,1
DA:25,2
DA:26,2
DA:29,1
DA:30,4
DA:31,3
DA:34,1
DA:35,2
DA:36,2
DA:41,1
LF:20
LH:20
BRF:0
BRH:0
end_of_record
TN:
SF:services\RestockOrderService.js
FN:5,(anonymous_0)
FN:9,(anonymous_1)
FN:14,(anonymous_2)
FN:19,(anonymous_3)
FN:24,(anonymous_4)
FN:29,(anonymous_5)
FN:34,(anonymous_6)
FN:39,(anonymous_7)
FN:44,(anonymous_8)
FN:49,(anonymous_9)
FN:54,(anonymous_10)
FN:59,(anonymous_11)
FN:64,(anonymous_12)
FN:69,(anonymous_13)
FN:74,(anonymous_14)
FN:79,(anonymous_15)
FNF:16
FNH:14
FNDA:1,(anonymous_0)
FNDA:3,(anonymous_1)
FNDA:3,(anonymous_2)
FNDA:3,(anonymous_3)
FNDA:1,(anonymous_4)
FNDA:3,(anonymous_5)
FNDA:0,(anonymous_6)
FNDA:5,(anonymous_7)
FNDA:0,(anonymous_8)
FNDA:6,(anonymous_9)
FNDA:6,(anonymous_10)
FNDA:3,(anonymous_11)
FNDA:2,(anonymous_12)
FNDA:2,(anonymous_13)
FNDA:2,(anonymous_14)
FNDA:3,(anonymous_15)
DA:6,1
DA:9,1
DA:10,3
DA:11,2
DA:14,1
DA:15,3
DA:16,2
DA:19,1
DA:20,3
DA:21,3
DA:24,1
DA:25,1
DA:26,1
DA:29,1
DA:30,3
DA:31,3
DA:34,1
DA:35,0
DA:36,0
DA:39,1
DA:40,5
DA:41,5
DA:44,1
DA:45,0
DA:46,0
DA:49,1
DA:50,6
DA:51,4
DA:54,1
DA:55,6
DA:56,4
DA:59,1
DA:60,3
DA:61,3
DA:64,1
DA:65,2
DA:66,2
DA:69,1
DA:70,2
DA:71,2
DA:74,1
DA:75,2
DA:76,2
DA:79,1
DA:80,3
DA:81,3
DA:85,1
LF:47
LH:43
BRF:0
BRH:0
end_of_record
TN:
SF:services\ReturnOrderService.js
FN:6,(anonymous_0)
FN:9,(anonymous_1)
FN:14,(anonymous_2)
FN:18,(anonymous_3)
FN:23,(anonymous_4)
FN:27,(anonymous_5)
FN:32,(anonymous_6)
FN:37,(anonymous_7)
FN:42,(anonymous_8)
FN:47,(anonymous_9)
FNF:10
FNH:9
FNDA:1,(anonymous_0)
FNDA:2,(anonymous_1)
FNDA:2,(anonymous_2)
FNDA:1,(anonymous_3)
FNDA:4,(anonymous_4)
FNDA:8,(anonymous_5)
FNDA:0,(anonymous_6)
FNDA:4,(anonymous_7)
FNDA:4,(anonymous_8)
FNDA:6,(anonymous_9)
DA:7,1
DA:9,1
DA:10,2
DA:11,2
DA:14,1
DA:15,2
DA:16,2
DA:18,1
DA:19,1
DA:20,1
DA:23,1
DA:24,4
DA:25,4
DA:27,1
DA:28,8
DA:29,8
DA:32,1
DA:33,0
DA:34,0
DA:37,1
DA:38,4
DA:39,4
DA:42,1
DA:43,4
DA:44,3
DA:47,1
DA:48,6
DA:49,4
DA:54,1
LF:29
LH:27
BRF:0
BRH:0
end_of_record
TN:
SF:services\SkuItemService.js
FN:6,(anonymous_0)
FN:10,(anonymous_1)
FN:15,(anonymous_2)
FN:20,(anonymous_3)
FN:25,(anonymous_4)
FN:30,(anonymous_5)
FN:35,(anonymous_6)
FN:40,(anonymous_7)
FNF:8
FNH:8
FNDA:1,(anonymous_0)
FNDA:2,(anonymous_1)
FNDA:2,(anonymous_2)
FNDA:1,(anonymous_3)
FNDA:2,(anonymous_4)
FNDA:2,(anonymous_5)
FNDA:2,(anonymous_6)
FNDA:2,(anonymous_7)
DA:7,1
DA:10,1
DA:11,2
DA:12,2
DA:15,1
DA:16,2
DA:17,2
DA:20,1
DA:21,1
DA:22,1
DA:25,1
DA:26,2
DA:27,2
DA:30,1
DA:31,2
DA:32,2
DA:35,1
DA:36,2
DA:37,2
DA:40,1
DA:41,2
DA:42,2
DA:47,1
LF:23
LH:23
BRF:0
BRH:0
end_of_record
TN:
SF:services\SkuService.js
FN:6,(anonymous_0)
FN:11,(anonymous_1)
FN:16,(anonymous_2)
FN:21,(anonymous_3)
FN:26,(anonymous_4)
FN:31,(anonymous_5)
FN:36,(anonymous_6)
FN:41,(anonymous_7)
FNF:8
FNH:8
FNDA:1,(anonymous_0)
FNDA:1,(anonymous_1)
FNDA:2,(anonymous_2)
FNDA:3,(anonymous_3)
FNDA:2,(anonymous_4)
FNDA:2,(anonymous_5)
FNDA:2,(anonymous_6)
FNDA:3,(anonymous_7)
DA:7,1
DA:11,1
DA:12,1
DA:13,1
DA:16,1
DA:17,2
DA:18,2
DA:21,1
DA:22,3
DA:23,2
DA:26,1
DA:27,2
DA:28,2
DA:31,1
DA:32,2
DA:33,2
DA:36,1
DA:37,2
DA:38,2
DA:41,1
DA:42,3
DA:43,2
DA:50,1
LF:23
LH:23
BRF:0
BRH:0
end_of_record
TN:
SF:services\TestDescriptorService.js
FN:6,(anonymous_0)
FN:10,(anonymous_1)
FN:15,(anonymous_2)
FN:19,(anonymous_3)
FN:23,(anonymous_4)
FN:27,(anonymous_5)
FN:32,(anonymous_6)
FN:37,(anonymous_7)
FNF:8
FNH:8
FNDA:1,(anonymous_0)
FNDA:1,(anonymous_1)
FNDA:4,(anonymous_2)
FNDA:3,(anonymous_3)
FNDA:2,(anonymous_4)
FNDA:4,(anonymous_5)
FNDA:4,(anonymous_6)
FNDA:4,(anonymous_7)
DA:7,1
DA:10,1
DA:11,1
DA:12,1
DA:15,1
DA:16,4
DA:17,4
DA:19,1
DA:20,3
DA:21,3
DA:23,1
DA:24,2
DA:25,2
DA:27,1
DA:28,4
DA:29,4
DA:32,1
DA:33,4
DA:34,3
DA:37,1
DA:38,4
DA:39,4
DA:48,1
LF:23
LH:23
BRF:0
BRH:0
end_of_record
TN:
SF:services\TestResultService.js
FN:6,(anonymous_0)
FN:10,(anonymous_1)
FN:15,(anonymous_2)
FN:20,(anonymous_3)
FN:25,(anonymous_4)
FN:30,(anonymous_5)
FN:35,(anonymous_6)
FN:39,(anonymous_7)
FNF:8
FNH:7
FNDA:1,(anonymous_0)
FNDA:3,(anonymous_1)
FNDA:6,(anonymous_2)
FNDA:0,(anonymous_3)
FNDA:4,(anonymous_4)
FNDA:2,(anonymous_5)
FNDA:4,(anonymous_6)
FNDA:4,(anonymous_7)
DA:7,1
DA:10,1
DA:11,3
DA:12,3
DA:15,1
DA:16,6
DA:17,6
DA:20,1
DA:21,0
DA:22,0
DA:25,1
DA:26,4
DA:27,4
DA:30,1
DA:31,2
DA:32,2
DA:35,1
DA:36,4
DA:37,4
DA:39,1
DA:40,4
DA:41,3
DA:48,1
LF:23
LH:21
BRF:0
BRH:0
end_of_record
TN:
SF:services\UserService.js
FN:6,(anonymous_0)
FN:10,(anonymous_1)
FN:15,(anonymous_2)
FN:20,(anonymous_3)
FN:27,(anonymous_4)
FN:32,(anonymous_5)
FN:37,(anonymous_6)
FN:42,(anonymous_7)
FN:47,(anonymous_8)
FN:57,(anonymous_9)
FNF:10
FNH:10
FNDA:1,(anonymous_0)
FNDA:1,(anonymous_1)
FNDA:1,(anonymous_2)
FNDA:3,(anonymous_3)
FNDA:10,(anonymous_4)
FNDA:3,(anonymous_5)
FNDA:3,(anonymous_6)
FNDA:3,(anonymous_7)
FNDA:3,(anonymous_8)
FNDA:2,(anonymous_9)
DA:7,1
DA:10,1
DA:11,1
DA:12,1
DA:15,1
DA:16,1
DA:17,1
DA:20,1
DA:21,3
DA:22,3
DA:23,1
DA:24,2
DA:27,1
DA:28,10
DA:29,9
DA:32,1
DA:33,3
DA:34,3
DA:37,1
DA:38,3
DA:39,3
DA:42,1
DA:43,3
DA:44,3
DA:47,1
DA:48,3
DA:49,3
DA:50,2
DA:53,1
DA:57,1
DA:58,2
DA:59,2
DA:60,2
DA:63,0
DA:70,1
LF:35
LH:34
BRDA:22,0,0,1
BRDA:22,0,1,2
BRDA:49,1,0,2
BRDA:49,1,1,1
BRDA:59,2,0,2
BRDA:59,2,1,0
BRF:6
BRH:5
end_of_record
TN:
SF:utilities\validationUtils.js
FN:7,(anonymous_0)
FN:23,(anonymous_1)
FN:30,(anonymous_2)
FN:37,(anonymous_3)
FN:44,(anonymous_4)
FN:51,(anonymous_5)
FN:59,(anonymous_6)
FN:65,(anonymous_7)
FN:71,(anonymous_8)
FN:78,(anonymous_9)
FN:86,(anonymous_10)
FN:96,(anonymous_11)
FN:110,(anonymous_12)
FN:118,(anonymous_13)
FN:125,(anonymous_14)
FNF:15
FNH:13
FNDA:13,(anonymous_0)
FNDA:5,(anonymous_1)
FNDA:4,(anonymous_2)
FNDA:5,(anonymous_3)
FNDA:4,(anonymous_4)
FNDA:3,(anonymous_5)
FNDA:0,(anonymous_6)
FNDA:0,(anonymous_7)
FNDA:3,(anonymous_8)
FNDA:5,(anonymous_9)
FNDA:3,(anonymous_10)
FNDA:8,(anonymous_11)
FNDA:8,(anonymous_12)
FNDA:3,(anonymous_13)
FNDA:3,(anonymous_14)
DA:3,1
DA:4,1
DA:5,1
DA:7,1
DA:8,13
DA:9,149
DA:10,149
DA:12,9
DA:23,1
DA:24,5
DA:25,1
DA:27,4
DA:30,1
DA:31,4
DA:32,1
DA:34,3
DA:37,1
DA:38,5
DA:39,1
DA:40,4
DA:44,1
DA:45,4
DA:46,1
DA:47,3
DA:51,1
DA:52,3
DA:53,1
DA:55,2
DA:59,1
DA:60,0
DA:61,0
DA:62,0
DA:65,1
DA:66,0
DA:67,0
DA:71,1
DA:72,3
DA:73,1
DA:74,2
DA:78,1
DA:79,5
DA:80,2
DA:81,3
DA:86,1
DA:87,3
DA:88,3
DA:91,0
DA:96,1
DA:97,8
DA:98,1
DA:100,7
DA:101,1
DA:103,6
DA:104,4
DA:106,2
DA:110,1
DA:111,8
DA:112,3
DA:114,5
DA:118,1
DA:119,3
DA:120,1
DA:121,2
DA:125,1
DA:126,3
DA:127,1
DA:128,2
LF:67
LH:61
BRDA:10,0,0,4
BRDA:10,0,1,145
BRDA:10,1,0,149
BRDA:10,1,1,149
BRDA:24,2,0,1
BRDA:24,2,1,4
BRDA:24,3,0,5
BRDA:24,3,1,4
BRDA:24,3,2,3
BRDA:31,4,0,1
BRDA:31,4,1,3
BRDA:31,5,0,4
BRDA:31,5,1,3
BRDA:31,5,2,2
BRDA:38,6,0,1
BRDA:38,6,1,4
BRDA:38,7,0,5
BRDA:38,7,1,4
BRDA:38,7,2,4
BRDA:38,7,3,3
BRDA:45,8,0,1
BRDA:45,8,1,3
BRDA:45,9,0,4
BRDA:45,9,1,3
BRDA:45,9,2,2
BRDA:52,10,0,1
BRDA:52,10,1,2
BRDA:52,11,0,3
BRDA:52,11,1,2
BRDA:52,11,2,2
BRDA:52,11,3,1
BRDA:52,11,4,1
BRDA:60,12,0,0
BRDA:60,12,1,0
BRDA:60,13,0,0
BRDA:60,13,1,0
BRDA:60,13,2,0
BRDA:72,14,0,1
BRDA:72,14,1,2
BRDA:72,15,0,3
BRDA:72,15,1,2
BRDA:79,16,0,2
BRDA:79,16,1,3
BRDA:79,17,0,5
BRDA:79,17,1,4
BRDA:79,17,2,3
BRDA:97,18,0,1
BRDA:97,18,1,7
BRDA:100,19,0,1
BRDA:100,19,1,6
BRDA:103,20,0,4
BRDA:103,20,1,2
BRDA:103,21,0,6
BRDA:103,21,1,5
BRDA:111,22,0,3
BRDA:111,22,1,5
BRDA:111,23,0,8
BRDA:111,23,1,7
BRDA:111,23,2,6
BRDA:111,23,3,5
BRDA:111,23,4,4
BRDA:111,23,5,3
BRDA:119,24,0,1
BRDA:119,24,1,2
BRDA:119,25,0,3
BRDA:119,25,1,2
BRDA:119,25,2,2
BRDA:126,26,0,1
BRDA:126,26,1,2
BRDA:126,27,0,3
BRDA:126,27,1,2
BRF:71
BRH:66
end_of_record
